#
# There is insufficient memory for the Java Runtime Environment to continue.
# Native memory allocation (mmap) failed to map 167772160 bytes for G1 virtual space
# Possible reasons:
#   The system is out of physical RAM or swap space
#   The process is running with CompressedOops enabled, and the Java Heap may be blocking the growth of the native heap
# Possible solutions:
#   Reduce memory load on the system
#   Increase physical memory or swap space
#   Check if swap backing store is full
#   Decrease Java heap size (-Xmx/-Xms)
#   Decrease number of Java threads
#   Decrease Java thread stack sizes (-Xss)
#   Set larger code cache with -XX:ReservedCodeCacheSize=
#   JVM is running with Zero Based Compressed Oops mode in which the Java heap is
#     placed in the first 32GB address space. The Java Heap base address is the
#     maximum limit for the native heap growth. Please use -XX:HeapBaseMinAddress
#     to set the Java Heap base and to place the Java Heap above 32GB virtual address.
# This output file may be truncated or incomplete.
#
#  Out of Memory Error (os_windows.cpp:3753), pid=8564, tid=4324
#
# JRE version:  (17.0.4+7) (build )
# Java VM: OpenJDK 64-Bit Server VM (17.0.4+7-b469.53, mixed mode, sharing, tiered, compressed oops, compressed class ptrs, g1 gc, windows-amd64)
# No core dump will be written. Minidumps are not enabled by default on client versions of Windows
#

---------------  S U M M A R Y ------------

Command Line: git4idea.http.GitAskPassApp Username for 'https://github.com': 

Host: AMD Ryzen 7 3700U with Radeon Vega Mobile Gfx  , 8 cores, 9G,  Windows 10 , 64 bit Build 19041 (10.0.19041.2251)
Time: Sat Dec  3 20:50:32 2022 RTZ 2 (s 10 , 64 bit Build 19041 (10.0.19041.2251) elapsed time: 0.021405 seconds (0d 0h 0m 0s)

---------------  T H R E A D  ---------------

Current thread (0x000001cff10427a0):  JavaThread "Unknown thread" [_thread_in_vm, id=4324, stack(0x0000004807b00000,0x0000004807c00000)]

Stack: [0x0000004807b00000,0x0000004807c00000]
Native frames: (J=compiled Java code, j=interpreted, Vv=VM code, C=native code)
V  [jvm.dll+0x68348a]
V  [jvm.dll+0x83faf4]
V  [jvm.dll+0x84129e]
V  [jvm.dll+0x841903]
V  [jvm.dll+0x2494a5]
V  [jvm.dll+0x680359]
V  [jvm.dll+0x67499a]
V  [jvm.dll+0x3092db]
V  [jvm.dll+0x310796]
V  [jvm.dll+0x36077e]
V  [jvm.dll+0x3609af]
V  [jvm.dll+0x2df3c8]
V  [jvm.dll+0x2e0334]
V  [jvm.dll+0x8112e1]
V  [jvm.dll+0x36e5d1]
V  [jvm.dll+0x7f06bc]
V  [jvm.dll+0x3f16ef]
V  [jvm.dll+0x3f3231]
C  [jli.dll+0x526b]
C  [ucrtbase.dll+0x21bb2]
C  [KERNEL32.DLL+0x174b4]
C  [ntdll.dll+0x526a1]


---------------  P R O C E S S  ---------------

Threads class SMR info:
_java_thread_list=0x00007ffd4a4c7f18, length=0, elements={
}

Java Threads: ( => current thread )

Other Threads:
  0x000001cff1090bb0 GCTaskThread "GC Thread#0" [stack: 0x0000004807c00000,0x0000004807d00000] [id=12200]
  0x000001cff109ba00 ConcurrentGCThread "G1 Main Marker" [stack: 0x0000004807d00000,0x0000004807e00000] [id=6880]
  0x000001cff109cbb0 ConcurrentGCThread "G1 Conc#0" [stack: 0x0000004807e00000,0x0000004807f00000] [id=8656]

[error occurred during error reporting (printing all threads), id 0xc0000005, EXCEPTION_ACCESS_VIOLATION (0xc0000005) at pc=0x00007ffd49c7ff87]

VM state: not at safepoint (not fully initialized)

VM Mutex/Monitor currently owned by a thread:  ([mutex/lock_event])
[0x000001cff103e6c0] Heap_lock - owner thread: 0x000001cff10427a0

Heap address: 0x0000000760e00000, size: 2546 MB, Compressed Oops mode: Zero based, Oop shift amount: 3

CDS archive(s) mapped at: [0x0000000000000000-0x0000000000000000-0x0000000000000000), size 0, SharedBaseAddress: 0x0000000800000000, ArchiveRelocationMode: 0.
Narrow klass base: 0x0000000000000000, Narrow klass shift: 0, Narrow klass range: 0x0

GC Precious Log:
<Empty>

Heap:
 garbage-first heap   total 0K, used 0K [0x0000000760e00000, 0x0000000800000000)
  region size 2048K, 0 young (0K), 0 survivors (0K)

[error occurred during error reporting (printing heap information), id 0xc0000005, EXCEPTION_ACCESS_VIOLATION (0xc0000005) at pc=0x00007ffd4a06d119]

GC Heap History (0 events):
No events

Deoptimization events (0 events):
No events

Classes unloaded (0 events):
No events

Classes redefined (0 events):
No events

Internal exceptions (0 events):
No events

VM Operations (0 events):
No events

Events (1 events):
Event: 0.014 Loaded shared library C:\Program Files\JetBrains\IntelliJ IDEA 2022.2.2\jbr\bin\java.dll


Dynamic libraries:
0x00007ff642270000 - 0x00007ff64227a000 	C:\Program Files\JetBrains\IntelliJ IDEA 2022.2.2\jbr\bin\java.exe
0x00007ffd83850000 - 0x00007ffd83a48000 	C:\WINDOWS\SYSTEM32\ntdll.dll
0x00007ffd829e0000 - 0x00007ffd82a9f000 	C:\WINDOWS\System32\KERNEL32.DLL
0x00007ffd815c0000 - 0x00007ffd81892000 	C:\WINDOWS\System32\KERNELBASE.dll
0x00007ffd81220000 - 0x00007ffd81320000 	C:\WINDOWS\System32\ucrtbase.dll
0x00007ffd6bbb0000 - 0x00007ffd6bbc7000 	C:\Program Files\JetBrains\IntelliJ IDEA 2022.2.2\jbr\bin\jli.dll
0x00007ffd6b4a0000 - 0x00007ffd6b4bb000 	C:\Program Files\JetBrains\IntelliJ IDEA 2022.2.2\jbr\bin\VCRUNTIME140.dll
0x00007ffd81f40000 - 0x00007ffd820dd000 	C:\WINDOWS\System32\USER32.dll
0x00007ffd811f0000 - 0x00007ffd81212000 	C:\WINDOWS\System32\win32u.dll
0x00007ffd82b40000 - 0x00007ffd82b6b000 	C:\WINDOWS\System32\GDI32.dll
0x00007ffd729f0000 - 0x00007ffd72c8a000 	C:\WINDOWS\WinSxS\amd64_microsoft.windows.common-controls_6595b64144ccf1df_6.0.19041.1110_none_60b5254171f9507e\COMCTL32.dll
0x00007ffd81020000 - 0x00007ffd8112f000 	C:\WINDOWS\System32\gdi32full.dll
0x00007ffd80f80000 - 0x00007ffd8101d000 	C:\WINDOWS\System32\msvcp_win.dll
0x00007ffd81950000 - 0x00007ffd819ee000 	C:\WINDOWS\System32\msvcrt.dll
0x00007ffd82aa0000 - 0x00007ffd82ad2000 	C:\WINDOWS\System32\IMM32.DLL
0x00007ffd7cd90000 - 0x00007ffd7cd9c000 	C:\Program Files\JetBrains\IntelliJ IDEA 2022.2.2\jbr\bin\vcruntime140_1.dll
0x00007ffd504e0000 - 0x00007ffd5056d000 	C:\Program Files\JetBrains\IntelliJ IDEA 2022.2.2\jbr\bin\msvcp140.dll
0x00007ffd49990000 - 0x00007ffd4a5f9000 	C:\Program Files\JetBrains\IntelliJ IDEA 2022.2.2\jbr\bin\server\jvm.dll
0x00007ffd818a0000 - 0x00007ffd8194e000 	C:\WINDOWS\System32\ADVAPI32.dll
0x00007ffd82570000 - 0x00007ffd8260c000 	C:\WINDOWS\System32\sechost.dll
0x00007ffd82440000 - 0x00007ffd82565000 	C:\WINDOWS\System32\RPCRT4.dll
0x00007ffd82610000 - 0x00007ffd82618000 	C:\WINDOWS\System32\PSAPI.DLL
0x00007ffd60410000 - 0x00007ffd60419000 	C:\WINDOWS\SYSTEM32\WSOCK32.dll
0x00007ffd77600000 - 0x00007ffd77627000 	C:\WINDOWS\SYSTEM32\WINMM.dll
0x00007ffd82b70000 - 0x00007ffd82bdb000 	C:\WINDOWS\System32\WS2_32.dll
0x00007ffd775f0000 - 0x00007ffd775fa000 	C:\WINDOWS\SYSTEM32\VERSION.dll
0x00007ffd7ee10000 - 0x00007ffd7ee22000 	C:\WINDOWS\SYSTEM32\kernel.appcore.dll
0x00007ffd7ce00000 - 0x00007ffd7ce0a000 	C:\Program Files\JetBrains\IntelliJ IDEA 2022.2.2\jbr\bin\jimage.dll
0x00007ffd764c0000 - 0x00007ffd766a4000 	C:\WINDOWS\SYSTEM32\DBGHELP.DLL
0x00007ffd763e0000 - 0x00007ffd7640c000 	C:\WINDOWS\SYSTEM32\dbgcore.DLL
0x00007ffd81480000 - 0x00007ffd81502000 	C:\WINDOWS\System32\bcryptPrimitives.dll
0x00007ffd7cdd0000 - 0x00007ffd7cdf5000 	C:\Program Files\JetBrains\IntelliJ IDEA 2022.2.2\jbr\bin\java.dll

dbghelp: loaded successfully - version: 4.0.5 - missing functions: none
symbol engine: initialized successfully - sym options: 0x614 - pdb path: .;C:\Program Files\JetBrains\IntelliJ IDEA 2022.2.2\jbr\bin;C:\WINDOWS\SYSTEM32;C:\WINDOWS\WinSxS\amd64_microsoft.windows.common-controls_6595b64144ccf1df_6.0.19041.1110_none_60b5254171f9507e;C:\Program Files\JetBrains\IntelliJ IDEA 2022.2.2\jbr\bin\server

VM Arguments:
java_command: git4idea.http.GitAskPassApp Username for 'https://github.com': 
java_class_path (initial): C:/Program Files/JetBrains/IntelliJ IDEA 2022.2.2/plugins/git4idea/lib/git4idea-rt.jar;C:/Program Files/JetBrains/IntelliJ IDEA 2022.2.2/lib/externalProcess-rt.jar;C:/Program Files/JetBrains/IntelliJ IDEA 2022.2.2/lib/app.jar;C:/Program Files/JetBrains/IntelliJ IDEA 2022.2.2/lib/3rd-party-rt.jar
Launcher Type: SUN_STANDARD

[Global flags]
     intx CICompilerCount                          = 4                                         {product} {ergonomic}
     uint ConcGCThreads                            = 2                                         {product} {ergonomic}
     uint G1ConcRefinementThreads                  = 8                                         {product} {ergonomic}
   size_t G1HeapRegionSize                         = 2097152                                   {product} {ergonomic}
    uintx GCDrainStackTargetSize                   = 64                                        {product} {ergonomic}
   size_t InitialHeapSize                          = 167772160                                 {product} {ergonomic}
   size_t MarkStackSize                            = 4194304                                   {product} {ergonomic}
   size_t MaxHeapSize                              = 2669674496                                {product} {ergonomic}
   size_t MinHeapDeltaBytes                        = 2097152                                   {product} {ergonomic}
   size_t MinHeapSize                              = 8388608                                   {product} {ergonomic}
    uintx NonNMethodCodeHeapSize                   = 5839372                                {pd product} {ergonomic}
    uintx NonProfiledCodeHeapSize                  = 122909434                              {pd product} {ergonomic}
    uintx ProfiledCodeHeapSize                     = 122909434                              {pd product} {ergonomic}
    uintx ReservedCodeCacheSize                    = 251658240                              {pd product} {ergonomic}
     bool SegmentedCodeCache                       = true                                      {product} {ergonomic}
   size_t SoftMaxHeapSize                          = 2669674496                             {manageable} {ergonomic}
     bool UseCompressedClassPointers               = true                           {product lp64_product} {ergonomic}
     bool UseCompressedOops                        = true                           {product lp64_product} {ergonomic}
     bool UseG1GC                                  = true                                      {product} {ergonomic}
     bool UseLargePagesIndividualAllocation        = false                                  {pd product} {ergonomic}

Logging:
Log output configuration:
 #0: stdout all=warning uptime,level,tags
 #1: stderr all=off uptime,level,tags

Environment Variables:
PATH=C:\Program Files\Git\mingw64\libexec\git-core;C:\Program Files\Git\mingw64\libexec\git-core;C:\Program Files\Git\mingw64\bin;C:\Program Files\Git\usr\bin;C:\Users\User\bin;C:\Python310\Scripts;C:\Python310;C:\ProgramData\Oracle\Java\javapath;C:\Program Files (x86)\Embarcadero\Studio\20.0\bin;C:\Users\Public\Documents\Embarcadero\Studio\20.0\Bpl;C:\Program Files (x86)\Embarcadero\Studio\20.0\bin64;C:\Users\Public\Documents\Embarcadero\Studio\20.0\Bpl\Win64;C:\WINDOWS\system32;C:\WINDOWS;C:\WINDOWS\System32\Wbem;C:\WINDOWS\System32\WindowsPowerShell\v1.0;C:\WINDOWS\System32\OpenSSH;C:\ProgramData\chocolatey\bin;C:\Users\User\AppData\Roaming\nvm;C:\Program Files\nodejs;C:\Program Files\nodejs;C:\Program Files\Git\cmd;C:\Program Files\TortoiseSVN\bin;C:\Ruby30-x64\bin;C:\Users\User\AppData\Local\Microsoft\WindowsApps;C:\Users\User\AppData\Local\Programs\Microsoft VS Code\bin;C:\Users\User\AppData\Roaming\nvm;C:\Program Files\nodejs;C:\Users\User\AppData\Roaming\npm;C:\Program Files\Git\cmd;C:\Program Files\JetBrains\IntelliJ IDEA 2022.2.2\bin
USERNAME=User
DISPLAY=:0.0
LC_ALL=en_US.UTF-8
TERM=cygwin
TMPDIR=C:\Users\User\AppData\Local\Temp
OS=Windows_NT
PROCESSOR_IDENTIFIER=AMD64 Family 23 Model 24 Stepping 1, AuthenticAMD
TMP=C:\Users\User\AppData\Local\Temp
TEMP=C:\Users\User\AppData\Local\Temp



---------------  S Y S T E M  ---------------

OS:
 Windows 10 , 64 bit Build 19041 (10.0.19041.2251)
OS uptime: 0 days 2:21 hours

CPU: total 8 (initial active 8) (8 cores per cpu, 2 threads per core) family 23 model 24 stepping 1 microcode 0x0, cx8, cmov, fxsr, ht, mmx, 3dnowpref, sse, sse2, sse3, ssse3, sse4a, sse4.1, sse4.2, popcnt, lzcnt, tsc, tscinvbit, avx, avx2, aes, clmul, bmi1, bmi2, adx, sha, fma, vzeroupper, clflush, clflushopt

Memory: 4k page, system-wide physical 10178M (1618M free)
TotalPageFile size 10178M (AvailPageFile size 162M)
current process WorkingSet (physical memory assigned to process): 10M, peak: 10M
current process commit charge ("private bytes"): 59M, peak: 219M

vm_info: OpenJDK 64-Bit Server VM (17.0.4+7-b469.53) for windows-amd64 JRE (17.0.4+7-b469.53), built on 2022-08-29 by "builduser" with MS VC++ 16.10 / 16.11 (VS2019)

END.
