#
# There is insufficient memory for the Java Runtime Environment to continue.
# Native memory allocation (mmap) failed to map 65536 bytes for Failed to commit metaspace.
# Possible reasons:
#   The system is out of physical RAM or swap space
#   The process is running with CompressedOops enabled, and the Java Heap may be blocking the growth of the native heap
# Possible solutions:
#   Reduce memory load on the system
#   Increase physical memory or swap space
#   Check if swap backing store is full
#   Decrease Java heap size (-Xmx/-Xms)
#   Decrease number of Java threads
#   Decrease Java thread stack sizes (-Xss)
#   Set larger code cache with -XX:ReservedCodeCacheSize=
#   JVM is running with Zero Based Compressed Oops mode in which the Java heap is
#     placed in the first 32GB address space. The Java Heap base address is the
#     maximum limit for the native heap growth. Please use -XX:HeapBaseMinAddress
#     to set the Java Heap base and to place the Java Heap above 32GB virtual address.
# This output file may be truncated or incomplete.
#
#  Out of Memory Error (virtualSpaceNode.cpp:110), pid=588, tid=12052
#
# JRE version: OpenJDK Runtime Environment (19.0.1+10) (build 19.0.1+10-21)
# Java VM: OpenJDK 64-Bit Server VM (19.0.1+10-21, mixed mode, emulated-client, sharing, tiered, compressed oops, compressed class ptrs, g1 gc, windows-amd64)
# No core dump will be written. Minidumps are not enabled by default on client versions of Windows
#

---------------  S U M M A R Y ------------

Command Line: -XX:TieredStopAtLevel=1 -Dspring.output.ansi.enabled=always -Dcom.sun.management.jmxremote -Dspring.jmx.enabled=true -Dspring.liveBeansView.mbeanDomain -Dspring.application.admin.enabled=true -javaagent:C:\Program Files\JetBrains\IntelliJ IDEA 2022.2.2\lib\idea_rt.jar=51033:C:\Program Files\JetBrains\IntelliJ IDEA 2022.2.2\bin -Dfile.encoding=UTF-8 -Dsun.stdout.encoding=UTF-8 -Dsun.stderr.encoding=UTF-8 com.example.petlife.PetlifeApplication

Host: AMD Ryzen 7 3700U with Radeon Vega Mobile Gfx  , 8 cores, 9G,  Windows 10 , 64 bit Build 19041 (10.0.19041.2251)
Time: Tue Dec 13 17:26:37 2022 RTZ 2 (s 10 , 64 bit Build 19041 (10.0.19041.2251) elapsed time: 3.002601 seconds (0d 0h 0m 3s)

---------------  T H R E A D  ---------------

Current thread (0x00000218a8a486c0):  JavaThread "main" [_thread_in_vm, id=12052, stack(0x00000096a2500000,0x00000096a2600000)]

Stack: [0x00000096a2500000,0x00000096a2600000]
Native frames: (J=compiled Java code, j=interpreted, Vv=VM code, C=native code)
V  [jvm.dll+0x6ee8fa]
V  [jvm.dll+0x857a1e]
V  [jvm.dll+0x85940e]
V  [jvm.dll+0x859ac3]
V  [jvm.dll+0x28291f]
V  [jvm.dll+0x85369b]
V  [jvm.dll+0x693276]
V  [jvm.dll+0x1f29b7]
V  [jvm.dll+0x695cb2]
V  [jvm.dll+0x695a9e]
V  [jvm.dll+0x693c9e]
V  [jvm.dll+0x26f496]
V  [jvm.dll+0x21e927]
V  [jvm.dll+0x214571]
V  [jvm.dll+0x5aa2d6]
V  [jvm.dll+0x7cd948]
V  [jvm.dll+0x7cd86a]
V  [jvm.dll+0x46b72d]
V  [jvm.dll+0x47d90d]
C  [java.dll+0x1657]

Java frames: (J=compiled Java code, j=interpreted, Vv=VM code)
J 1718  java.lang.ClassLoader.defineClass0(Ljava/lang/ClassLoader;Ljava/lang/Class;Ljava/lang/String;[BIILjava/security/ProtectionDomain;ZILjava/lang/Object;)Ljava/lang/Class; java.base@19.0.1 (0 bytes) @ 0x00000218b0ee0631 [0x00000218b0ee0540+0x00000000000000f1]
J 1717 c1 java.lang.System$2.defineClass(Ljava/lang/ClassLoader;Ljava/lang/Class;Ljava/lang/String;[BLjava/security/ProtectionDomain;ZILjava/lang/Object;)Ljava/lang/Class; java.base@19.0.1 (21 bytes) @ 0x00000218b0ee1e2c [0x00000218b0ee1dc0+0x000000000000006c]
J 1716 c1 java.lang.invoke.MethodHandles$Lookup$ClassDefiner.defineClass(ZLjava/lang/Object;)Ljava/lang/Class; java.base@19.0.1 (97 bytes) @ 0x00000218b0ee2364 [0x00000218b0ee2160+0x0000000000000204]
j  java.lang.invoke.InvokerBytecodeGenerator.loadMethod([B)Ljava/lang/invoke/MemberName;+19 java.base@19.0.1
J 2114 c1 java.lang.invoke.LambdaForm.compileToBytecode()V java.base@19.0.1 (164 bytes) @ 0x00000218b0f7f9ec [0x00000218b0f7f880+0x000000000000016c]
j  java.lang.invoke.LambdaForm.customize(Ljava/lang/invoke/MethodHandle;)Ljava/lang/invoke/LambdaForm;+53 java.base@19.0.1
j  java.lang.invoke.MethodHandle$1.apply(Ljava/lang/invoke/LambdaForm;)Ljava/lang/invoke/LambdaForm;+5 java.base@19.0.1
j  java.lang.invoke.MethodHandle$1.apply(Ljava/lang/Object;)Ljava/lang/Object;+5 java.base@19.0.1
j  java.lang.invoke.MethodHandle.updateForm(Ljava/util/function/Function;)V+22 java.base@19.0.1
J 765 c1 java.lang.invoke.MethodHandle.maybeCustomize()V java.base@19.0.1 (38 bytes) @ 0x00000218b0cdcd9c [0x00000218b0cdccc0+0x00000000000000dc]
J 764 c1 java.lang.invoke.Invokers.maybeCustomize(Ljava/lang/invoke/MethodHandle;)V java.base@19.0.1 (5 bytes) @ 0x00000218b0cdbe34 [0x00000218b0cdbe20+0x0000000000000014]
J 3059 c1 org.springframework.core.annotation.TypeMappedAnnotation$$Lambda$154+0x00000008010bf780.extract(Ljava/lang/reflect/Method;Ljava/lang/Object;)Ljava/lang/Object; (6 bytes) @ 0x00000218b111df6c [0x00000218b111d640+0x000000000000092c]
J 2714 c1 org.springframework.core.annotation.TypeMappedAnnotation.getValue(IZZ)Ljava/lang/Object; (151 bytes) @ 0x00000218b1079344 [0x00000218b1079200+0x0000000000000144]
J 2728 c1 org.springframework.core.annotation.TypeMappedAnnotation.getValue(ILjava/lang/Class;)Ljava/lang/Object; (41 bytes) @ 0x00000218b107d05c [0x00000218b107cfe0+0x000000000000007c]
J 2828 c1 org.springframework.core.annotation.TypeMappedAnnotation.asMap(Ljava/util/function/Function;[Lorg/springframework/core/annotation/MergedAnnotation$Adapt;)Ljava/util/Map; (126 bytes) @ 0x00000218b10bcc64 [0x00000218b10bcaa0+0x00000000000001c4]
J 2961 c1 org.springframework.core.annotation.AbstractMergedAnnotation.asAnnotationAttributes([Lorg/springframework/core/annotation/MergedAnnotation$Adapt;)Lorg/springframework/core/annotation/AnnotationAttributes; (14 bytes) @ 0x00000218b10f440c [0x00000218b10f43c0+0x000000000000004c]
j  org.springframework.core.annotation.AnnotatedElementUtils.getAnnotationAttributes(Lorg/springframework/core/annotation/MergedAnnotation;ZZ)Lorg/springframework/core/annotation/AnnotationAttributes;+17
j  org.springframework.core.annotation.AnnotatedElementUtils.findMergedAnnotationAttributes(Ljava/lang/reflect/AnnotatedElement;Ljava/lang/Class;ZZ)Lorg/springframework/core/annotation/AnnotationAttributes;+20
j  org.springframework.context.annotation.BeanAnnotationHelper.determineBeanNameFor(Ljava/lang/reflect/Method;)Ljava/lang/String;+27
J 3084 c1 org.springframework.context.annotation.ConfigurationClassBeanDefinitionReader$ConfigurationClassBeanDefinition.isFactoryMethod(Ljava/lang/reflect/Method;)Z (35 bytes) @ 0x00000218b112787c [0x00000218b11277e0+0x000000000000009c]
j  org.springframework.beans.factory.support.AbstractAutowireCapableBeanFactory.getTypeForFactoryMethod(Ljava/lang/String;Lorg/springframework/beans/factory/support/RootBeanDefinition;[Ljava/lang/Class;)Ljava/lang/Class;+189
J 3032 c1 org.springframework.beans.factory.support.AbstractAutowireCapableBeanFactory.determineTargetType(Ljava/lang/String;Lorg/springframework/beans/factory/support/RootBeanDefinition;[Ljava/lang/Class;)Ljava/lang/Class; (60 bytes) @ 0x00000218b1110b7c [0x00000218b1110ac0+0x00000000000000bc]
J 3031 c1 org.springframework.beans.factory.support.AbstractAutowireCapableBeanFactory.predictBeanType(Ljava/lang/String;Lorg/springframework/beans/factory/support/RootBeanDefinition;[Ljava/lang/Class;)Ljava/lang/Class; (126 bytes) @ 0x00000218b11111a4 [0x00000218b1111140+0x0000000000000064]
J 3027 c1 org.springframework.beans.factory.support.AbstractBeanFactory.isFactoryBean(Ljava/lang/String;Lorg/springframework/beans/factory/support/RootBeanDefinition;)Z (60 bytes) @ 0x00000218b110c3ec [0x00000218b110c260+0x000000000000018c]
j  org.springframework.beans.factory.support.DefaultListableBeanFactory.doGetBeanNamesForType(Lorg/springframework/core/ResolvableType;ZZ)[Ljava/lang/String;+111
j  org.springframework.beans.factory.support.DefaultListableBeanFactory.getBeanNamesForType(Ljava/lang/Class;ZZ)[Ljava/lang/String;+22
j  org.springframework.boot.autoconfigure.condition.OnBeanCondition.collectBeanNamesForType(Lorg/springframework/beans/factory/ListableBeanFactory;ZLjava/lang/Class;Ljava/util/Set;Ljava/util/Set;)Ljava/util/Set;+6
j  org.springframework.boot.autoconfigure.condition.OnBeanCondition.getBeanNamesForType(Lorg/springframework/beans/factory/ListableBeanFactory;ZLjava/lang/Class;Ljava/util/Set;)Ljava/util/Set;+7
j  org.springframework.boot.autoconfigure.condition.OnBeanCondition.getBeanNamesForType(Ljava/lang/ClassLoader;ZLorg/springframework/beans/factory/ListableBeanFactory;Ljava/lang/String;Ljava/util/Set;)Ljava/util/Set;+11
j  org.springframework.boot.autoconfigure.condition.OnBeanCondition.getMatchingBeans(Lorg/springframework/context/annotation/ConditionContext;Lorg/springframework/boot/autoconfigure/condition/OnBeanCondition$Spec;)Lorg/springframework/boot/autoconfigure/condition/OnBeanCondition$MatchResult;+143
j  org.springframework.boot.autoconfigure.condition.OnBeanCondition.getMatchOutcome(Lorg/springframework/context/annotation/ConditionContext;Lorg/springframework/core/type/AnnotatedTypeMetadata;)Lorg/springframework/boot/autoconfigure/condition/ConditionOutcome;+385
j  org.springframework.boot.autoconfigure.condition.SpringBootCondition.matches(Lorg/springframework/context/annotation/ConditionContext;Lorg/springframework/core/type/AnnotatedTypeMetadata;)Z+8
J 3096 c1 org.springframework.context.annotation.ConditionEvaluator.shouldSkip(Lorg/springframework/core/type/AnnotatedTypeMetadata;Lorg/springframework/context/annotation/ConfigurationCondition$ConfigurationPhase;)Z (250 bytes) @ 0x00000218b112b76c [0x00000218b112b000+0x000000000000076c]
j  org.springframework.context.annotation.ConfigurationClassBeanDefinitionReader.loadBeanDefinitionsForBeanMethod(Lorg/springframework/context/annotation/BeanMethod;)V+26
j  org.springframework.context.annotation.ConfigurationClassBeanDefinitionReader.loadBeanDefinitionsForConfigurationClass(Lorg/springframework/context/annotation/ConfigurationClass;Lorg/springframework/context/annotation/ConfigurationClassBeanDefinitionReader$TrackedConditionEvaluator;)V+107
j  org.springframework.context.annotation.ConfigurationClassBeanDefinitionReader.loadBeanDefinitions(Ljava/util/Set;)V+41
j  org.springframework.context.annotation.ConfigurationClassPostProcessor.processConfigBeanDefinitions(Lorg/springframework/beans/factory/support/BeanDefinitionRegistry;)V+386
j  org.springframework.context.annotation.ConfigurationClassPostProcessor.postProcessBeanDefinitionRegistry(Lorg/springframework/beans/factory/support/BeanDefinitionRegistry;)V+107
j  org.springframework.context.support.PostProcessorRegistrationDelegate.invokeBeanDefinitionRegistryPostProcessors(Ljava/util/Collection;Lorg/springframework/beans/factory/support/BeanDefinitionRegistry;Lorg/springframework/core/metrics/ApplicationStartup;)V+59
j  org.springframework.context.support.PostProcessorRegistrationDelegate.invokeBeanFactoryPostProcessors(Lorg/springframework/beans/factory/config/ConfigurableListableBeanFactory;Ljava/util/List;)V+235
j  org.springframework.context.support.AbstractApplicationContext.invokeBeanFactoryPostProcessors(Lorg/springframework/beans/factory/config/ConfigurableListableBeanFactory;)V+5
j  org.springframework.context.support.AbstractApplicationContext.refresh()V+53
j  org.springframework.boot.web.servlet.context.ServletWebServerApplicationContext.refresh()V+1
j  org.springframework.boot.SpringApplication.refresh(Lorg/springframework/context/ConfigurableApplicationContext;)V+1
j  org.springframework.boot.SpringApplication.refreshContext(Lorg/springframework/context/ConfigurableApplicationContext;)V+16
j  org.springframework.boot.SpringApplication.run([Ljava/lang/String;)Lorg/springframework/context/ConfigurableApplicationContext;+107
j  org.springframework.boot.SpringApplication.run([Ljava/lang/Class;[Ljava/lang/String;)Lorg/springframework/context/ConfigurableApplicationContext;+9
j  org.springframework.boot.SpringApplication.run(Ljava/lang/Class;[Ljava/lang/String;)Lorg/springframework/context/ConfigurableApplicationContext;+9
j  com.example.petlife.PetlifeApplication.main([Ljava/lang/String;)V+3
v  ~StubRoutines::call_stub 0x00000218b09a100e

Compiled method (n/a)    3033 1718     n 0       java.lang.ClassLoader::defineClass0 (native)
 total in heap  [0x00000218b0ee0390,0x00000218b0ee0a10] = 1664
 relocation     [0x00000218b0ee04f0,0x00000218b0ee0528] = 56
 main code      [0x00000218b0ee0540,0x00000218b0ee0a10] = 1232

[Constant Pool (empty)]

[MachCode]
[Entry Point]
  # {method} {0x0000000800432fa8} 'defineClass0' '(Ljava/lang/ClassLoader;Ljava/lang/Class;Ljava/lang/String;[BIILjava/security/ProtectionDomain;ZILjava/lang/Object;)Ljava/lang/Class;' in 'java/lang/ClassLoader'
  # parm0:    rdx:rdx   = 'java/lang/ClassLoader'
  # parm1:    r8:r8     = 'java/lang/Class'
  # parm2:    r9:r9     = 'java/lang/String'
  # parm3:    rdi:rdi   = '[B'
  # parm4:    rsi       = int
  # parm5:    rcx       = int
  # parm6:    [sp+0xb0]   = 'java/security/ProtectionDomain'  (sp of caller)
  # parm7:    [sp+0xb8]   = boolean
  # parm8:    [sp+0xc0]   = int
  # parm9:    [sp+0xc8]   = 'java/lang/Object'
  0x00000218b0ee0540: 448b 5208 | 49bb 0000 | 0000 0800 | 0000 4d03 | d349 3bc2 | 0f84 0600 

  0x00000218b0ee0558: ;   {runtime_call ic_miss_stub}
  0x00000218b0ee0558: 0000 e921 | 12b2 ff90 
[Verified Entry Point]
  0x00000218b0ee0560: 8984 2400 | 90ff ff55 | 488b ec48 | 81ec a000 | 0000 4881 | 7d28 0000 | 0000 488d | 4528 480f 
  0x00000218b0ee0580: 4445 2848 | 8944 2458 | 4863 4520 | 4889 4424 | 5048 6345 | 1848 8944 | 2448 4881 | 7d10 0000 
  0x00000218b0ee05a0: 0000 488d | 4510 480f | 4445 1048 | 8944 2440 | 4889 4c24 | 3848 8974 | 2430 4889 | 7c24 7848 
  0x00000218b0ee05c0: 83ff 0048 | 8d44 2478 | 480f 4444 | 2478 4889 | 4424 284c | 894c 2470 | 4983 f900 | 488d 4424 
  0x00000218b0ee05e0: 7048 0f44 | 4424 7048 | 8944 2420 | 4c89 4424 | 6849 83f8 | 004c 8d4c | 2468 4c0f | 444c 2468 
  0x00000218b0ee0600: 4889 5424 | 6048 83fa | 004c 8d44 | 2460 4c0f | 4444 2460 

  0x00000218b0ee0614: ;   {oop(a 'java/lang/Class'{0x0000000761149490} = 'java/lang/ClassLoader')}
  0x00000218b0ee0614: 49be 9094 | 1461 0700 | 0000 4c89 | b424 9000 | 0000 4c8d | b424 9000 | 0000 498b | d6c5 f877 
  0x00000218b0ee0634: ;   {internal_word}
  0x00000218b0ee0634: 49ba 3106 | eeb0 1802 | 0000 4d89 | 97c8 0200 | 0049 89a7 | c002 0000 

  0x00000218b0ee064c: ;   {external_word}
  0x00000218b0ee064c: 49ba c984 | 5927 fa7f | 0000 4180 | 3a00 0f84 | 5000 0000 | 5241 5041 

  0x00000218b0ee0664: ;   {metadata({method} {0x0000000800432fa8} 'defineClass0' '(Ljava/lang/ClassLoader;Ljava/lang/Class;Ljava/lang/String;[BIILjava/security/ProtectionDomain;ZILjava/lang/Object;)Ljava/lang/Class;' in 'java/lang/ClassLoader')}
  0x00000218b0ee0664: 5148 baa0 | 2f43 0008 | 0000 0049 | 8bcf 4883 | ec20 40f6 | c40f 0f84 | 1a00 0000 | 4883 ec08 
  0x00000218b0ee0684: ;   {runtime_call}
  0x00000218b0ee0684: 49ba 902b | 1127 fa7f | 0000 41ff | d248 83c4 | 08e9 0d00 

  0x00000218b0ee0698: ;   {runtime_call}
  0x00000218b0ee0698: 0000 49ba | 902b 1127 | fa7f 0000 | 41ff d248 | 83c4 2041 | 5941 585a | 498d 8fe0 | 0200 0041 
  0x00000218b0ee06b8: c787 7403 | 0000 0400 

  0x00000218b0ee06c0: ;   {runtime_call}
  0x00000218b0ee06c0: 0000 49ba | 1c15 0e7c | fa7f 0000 | 41ff d2c5 | f877 41c7 | 8774 0300 | 0005 0000 | 00f0 8344 
  0x00000218b0ee06e0: 24c0 0049 | 3baf 7803 | 0000 0f87 | 1100 0000 | 4181 bf70 | 0300 0000 | 0000 000f | 842c 0000 
  0x00000218b0ee0700: 00c5 f877 | 4889 45f8 | 498b cf4c | 8be4 4883 | ec20 4883 

  0x00000218b0ee0714: ;   {runtime_call}
  0x00000218b0ee0714: e4f0 49ba | a018 1c27 | fa7f 0000 | 41ff d249 | 8be4 4d33 | e448 8b45 | f841 c787 | 7403 0000 
  0x00000218b0ee0734: 0800 0000 | 4181 bfe8 | 0300 0002 | 0000 000f | 8499 0200 

  0x00000218b0ee0748: ;   {external_word}
  0x00000218b0ee0748: 0049 bac9 | 8459 27fa | 7f00 0041 | 803a 000f | 844e 0000 | 0048 8945 

  0x00000218b0ee0760: ;   {metadata({method} {0x0000000800432fa8} 'defineClass0' '(Ljava/lang/ClassLoader;Ljava/lang/Class;Ljava/lang/String;[BIILjava/security/ProtectionDomain;ZILjava/lang/Object;)Ljava/lang/Class;' in 'java/lang/ClassLoader')}
  0x00000218b0ee0760: f848 baa0 | 2f43 0008 | 0000 0049 | 8bcf 4883 | ec20 40f6 | c40f 0f84 | 1a00 0000 | 4883 ec08 
  0x00000218b0ee0780: ;   {runtime_call}
  0x00000218b0ee0780: 49ba 902b | 1127 fa7f | 0000 41ff | d248 83c4 | 08e9 0d00 

  0x00000218b0ee0794: ;   {runtime_call}
  0x00000218b0ee0794: 0000 49ba | 902b 1127 | fa7f 0000 | 41ff d248 | 83c4 2048 | 8b45 f849 | c787 c002 | 0000 0000 
  0x00000218b0ee07b4: 0000 49c7 | 87c8 0200 | 0000 0000 | 00c5 f877 | 4885 c00f | 84ef 0100 | 00a8 010f | 84e4 0100 
  0x00000218b0ee07d4: 0048 8b40 | ff41 807f | 4000 0f84 | d001 0000 | 4883 f800 | 0f84 c601 | 0000 498b | 4f28 4883 
  0x00000218b0ee07f4: f900 0f84 | 1400 0000 | 4883 e908 | 4989 4f28 | 4903 4f38 | 4889 01e9 | a401 0000 | 4881 ecd0 
  0x00000218b0ee0814: 0000 0048 | 8904 2448 | 894c 2408 | 4889 5424 | 1048 8974 | 2418 4889 | 7c24 204c | 8944 2428 
  0x00000218b0ee0834: 4c89 4c24 | 304c 8954 | 2438 4c89 | 5c24 40c5 | fb11 4424 | 50c5 fb11 | 4c24 58c5 | fb11 5424 
  0x00000218b0ee0854: 60c5 fb11 | 5c24 68c5 | fb11 6424 | 70c5 fb11 | 6c24 78c5 | fb11 b424 | 8000 0000 | c5fb 11bc 
  0x00000218b0ee0874: 2488 0000 | 00c5 7b11 | 8424 9000 | 0000 c57b | 118c 2498 | 0000 00c5 | 7b11 9424 | a000 0000 
  0x00000218b0ee0894: c57b 119c | 24a8 0000 | 00c5 7b11 | a424 b000 | 0000 c57b | 11ac 24b8 | 0000 00c5 | 7b11 b424 
  0x00000218b0ee08b4: c000 0000 | c57b 11bc | 24c8 0000 | 0049 8bd7 | 488b c848 | 83ec 2040 | f6c4 0f0f | 841a 0000 
  0x00000218b0ee08d4: 0048 83ec 

  0x00000218b0ee08d8: ;   {runtime_call}
  0x00000218b0ee08d8: 0849 bab0 | 1bce 26fa | 7f00 0041 | ffd2 4883 | c408 e90d 

  0x00000218b0ee08ec: ;   {runtime_call}
  0x00000218b0ee08ec: 0000 0049 | bab0 1bce | 26fa 7f00 | 0041 ffd2 | 4883 c420 | c57b 10bc | 24c8 0000 | 00c5 7b10 
  0x00000218b0ee090c: b424 c000 | 0000 c57b | 10ac 24b8 | 0000 00c5 | 7b10 a424 | b000 0000 | c57b 109c | 24a8 0000 
  0x00000218b0ee092c: 00c5 7b10 | 9424 a000 | 0000 c57b | 108c 2498 | 0000 00c5 | 7b10 8424 | 9000 0000 | c5fb 10bc 
  0x00000218b0ee094c: 2488 0000 | 00c5 fb10 | b424 8000 | 0000 c5fb | 106c 2478 | c5fb 1064 | 2470 c5fb | 105c 2468 
  0x00000218b0ee096c: c5fb 1054 | 2460 c5fb | 104c 2458 | c5fb 1044 | 2450 4c8b | 5c24 404c | 8b54 2438 | 4c8b 4c24 
  0x00000218b0ee098c: 304c 8b44 | 2428 488b | 7c24 2048 | 8b74 2418 | 488b 5424 | 1048 8b4c | 2408 488b | 0424 4881 
  0x00000218b0ee09ac: c4d0 0000 | 00c5 f877 | e903 0000 | 0048 8b00 | 498b 8f50 | 0300 00c7 | 8100 0100 | 0000 0000 
  0x00000218b0ee09cc: 00c9 4981 | 7f08 0000 | 0000 0f85 | 0100 0000 

  0x00000218b0ee09dc: ;   {runtime_call StubRoutines (1)}
  0x00000218b0ee09dc: c3e9 1e05 | acff c5f8 | 7748 8945 | f84c 8be4 | 4883 ec20 | 4883 e4f0 

  0x00000218b0ee09f4: ;   {runtime_call}
  0x00000218b0ee09f4: 49ba d05f | 1127 fa7f | 0000 41ff | d249 8be4 | 4d33 e448 | 8b45 f8e9 | 39fd ffff 
[/MachCode]


Compiled method (c1)    3054 1717       1       java.lang.System$2::defineClass (21 bytes)
 total in heap  [0x00000218b0ee1c10,0x00000218b0ee1f68] = 856
 relocation     [0x00000218b0ee1d70,0x00000218b0ee1da8] = 56
 main code      [0x00000218b0ee1dc0,0x00000218b0ee1ea0] = 224
 stub code      [0x00000218b0ee1ea0,0x00000218b0ee1ee8] = 72
 metadata       [0x00000218b0ee1ee8,0x00000218b0ee1ef0] = 8
 scopes data    [0x00000218b0ee1ef0,0x00000218b0ee1f10] = 32
 scopes pcs     [0x00000218b0ee1f10,0x00000218b0ee1f50] = 64
 dependencies   [0x00000218b0ee1f50,0x00000218b0ee1f58] = 8
 nul chk table  [0x00000218b0ee1f58,0x00000218b0ee1f68] = 16

[Constant Pool (empty)]

[MachCode]
[Entry Point]
  # {method} {0x0000000800011788} 'defineClass' '(Ljava/lang/ClassLoader;Ljava/lang/Class;Ljava/lang/String;[BLjava/security/ProtectionDomain;ZILjava/lang/Object;)Ljava/lang/Class;' in 'java/lang/System$2'
  # this:     rdx:rdx   = 'java/lang/System$2'
  # parm0:    r8:r8     = 'java/lang/ClassLoader'
  # parm1:    r9:r9     = 'java/lang/Class'
  # parm2:    rdi:rdi   = 'java/lang/String'
  # parm3:    rsi:rsi   = '[B'
  # parm4:    rcx:rcx   = 'java/security/ProtectionDomain'
  # parm5:    [sp+0x70]   = boolean  (sp of caller)
  # parm6:    [sp+0x78]   = int
  # parm7:    [sp+0x80]   = 'java/lang/Object'
  0x00000218b0ee1dc0: 448b 5208 | 49bb 0000 | 0000 0800 | 0000 4d03 | d34c 3bd0 

  0x00000218b0ee1dd4: ;   {runtime_call ic_miss_stub}
  0x00000218b0ee1dd4: 0f85 a6f9 | b1ff 660f | 1f44 0000 
[Verified Entry Point]
  0x00000218b0ee1de0: 8984 2400 | 90ff ff55 | 4883 ec60 | 488b d94c | 8bac 2480 | 0000 0044 | 8b5c 2478 | 8b44 2470 
  0x00000218b0ee1e00: ; implicit exception: dispatches to 0x00000218b0ee1e3f
  0x00000218b0ee1e00: 8b4e 0c49 | 8bd0 4d8b | c14c 8bcf | 488b febe | 0000 0000 | 4889 1c24 | 8944 2408 | 4489 5c24 
  0x00000218b0ee1e20: 104c 896c 

  0x00000218b0ee1e24: ;   {static_call}
  0x00000218b0ee1e24: 2418 90e8 

  0x00000218b0ee1e28: ; ImmutableOopMap {}
                      ;*invokestatic defineClass0 {reexecute=0 rethrow=0 return_oop=0}
                      ; - java.lang.System$2::defineClass@17 (line 2371)
  0x00000218b0ee1e28: 34e7 ffff | 4883 c460 

  0x00000218b0ee1e30: ;   {poll_return}
  0x00000218b0ee1e30: 5d49 3ba7 | 7803 0000 | 0f87 0600 

  0x00000218b0ee1e3c: ;   {runtime_call throw_null_pointer_exception Runtime1 stub}
  0x00000218b0ee1e3c: 0000 c3e8 

  0x00000218b0ee1e40: ; ImmutableOopMap {r8=Oop r9=Oop rdi=Oop rsi=Oop rbx=Oop r13=Oop [128]=Oop }
                      ;*arraylength {reexecute=0 rethrow=0 return_oop=0}
                      ; - java.lang.System$2::defineClass@8 (line 2371)
  0x00000218b0ee1e40: dc7f bcff 

  0x00000218b0ee1e44: ;   {internal_word}
  0x00000218b0ee1e44: 49ba 311e | eeb0 1802 | 0000 4d89 | 9790 0300 

  0x00000218b0ee1e54: ;   {runtime_call SafepointBlob}
  0x00000218b0ee1e54: 00e9 a65f | b2ff 498b | 8720 0400 | 0049 c787 | 2004 0000 | 0000 0000 | 49c7 8728 | 0400 0000 
  0x00000218b0ee1e74: 0000 0048 | 83c4 605d 

  0x00000218b0ee1e7c: ;   {runtime_call unwind_exception Runtime1 stub}
  0x00000218b0ee1e7c: e97f 6abc | fff4 f4f4 | f4f4 f4f4 | f4f4 f4f4 | f4f4 f4f4 | f4f4 f4f4 | f4f4 f4f4 | f4f4 f4f4 
  0x00000218b0ee1e9c: f4f4 f4f4 
[Stub Code]
  0x00000218b0ee1ea0: ;   {no_reloc}
  0x00000218b0ee1ea0: 0f1f 4400 

  0x00000218b0ee1ea4: ;   {static_stub}
  0x00000218b0ee1ea4: 0048 bb00 | 0000 0000 

  0x00000218b0ee1eac: ;   {runtime_call}
  0x00000218b0ee1eac: 0000 00e9 | fbff ffff 
[Exception Handler]
  0x00000218b0ee1eb4: ;   {runtime_call handle_exception_from_callee Runtime1 stub}
  0x00000218b0ee1eb4: e847 a0bc 

  0x00000218b0ee1eb8: ;   {external_word}
  0x00000218b0ee1eb8: ff48 b928 | 4932 27fa | 7f00 0048 

  0x00000218b0ee1ec4: ;   {runtime_call}
  0x00000218b0ee1ec4: 83e4 f049 | ba00 fefd | 26fa 7f00 | 0041 ffd2 

  0x00000218b0ee1ed4: ;   {section_word}
  0x00000218b0ee1ed4: f449 bad5 | 1eee b018 | 0200 0041 

  0x00000218b0ee1ee0: ;   {runtime_call DeoptimizationBlob}
  0x00000218b0ee1ee0: 52e9 ba51 | b2ff f4f4 
[/MachCode]


Compiled method (c1)    3063 1716       1       java.lang.invoke.MethodHandles$Lookup$ClassDefiner::defineClass (97 bytes)
 total in heap  [0x00000218b0ee1f90,0x00000218b0ee2618] = 1672
 relocation     [0x00000218b0ee20f0,0x00000218b0ee2150] = 96
 main code      [0x00000218b0ee2160,0x00000218b0ee2420] = 704
 stub code      [0x00000218b0ee2420,0x00000218b0ee2478] = 88
 metadata       [0x00000218b0ee2478,0x00000218b0ee24b8] = 64
 scopes data    [0x00000218b0ee24b8,0x00000218b0ee2528] = 112
 scopes pcs     [0x00000218b0ee2528,0x00000218b0ee25d8] = 176
 dependencies   [0x00000218b0ee25d8,0x00000218b0ee25e8] = 16
 nul chk table  [0x00000218b0ee25e8,0x00000218b0ee2618] = 48

[Constant Pool (empty)]

[MachCode]
[Entry Point]
  # {method} {0x000000080020f398} 'defineClass' '(ZLjava/lang/Object;)Ljava/lang/Class;' in 'java/lang/invoke/MethodHandles$Lookup$ClassDefiner'
  # this:     rdx:rdx   = 'java/lang/invoke/MethodHandles$Lookup$ClassDefiner'
  # parm0:    r8        = boolean
  # parm1:    r9:r9     = 'java/lang/Object'
  #           [sp+0xe0]  (sp of caller)
  0x00000218b0ee2160: 448b 5208 | 49bb 0000 | 0000 0800 | 0000 4d03 | d34c 3bd0 

  0x00000218b0ee2174: ;   {runtime_call ic_miss_stub}
  0x00000218b0ee2174: 0f85 06f6 | b1ff 660f | 1f44 0000 
[Verified Entry Point]
  0x00000218b0ee2180: 8984 2400 | 90ff ff55 | 4881 ecd0 | 0000 0048 | 8994 2498 | 0000 0044 | 8984 24b0 | 0000 004c 
  0x00000218b0ee21a0: 898c 24b8 | 0000 008b | 7210 48c1 | e603 4889 | b424 9000 | 0000 8b7e | 1048 c1e7 | 0348 89bc 
  0x00000218b0ee21c0: 24a8 0000 | 008b 5f34 | 48c1 e303 | 4883 fb00 | 0f85 0a00 

  0x00000218b0ee21d4: ;   {oop(NULL)}
  0x00000218b0ee21d4: 0000 48bb | 0000 0000 | 0000 0000 | 4883 fb00 | 0f84 bb00 | 0000 8b46 | 1848 c1e0 | 0348 83f8 
  0x00000218b0ee21f4: 0048 899c | 24a0 0000 | 000f 85b4 

  0x00000218b0ee2200: ;   {oop(a 'java/lang/Class'{0x0000000761512180} = 'jdk/internal/access/SharedSecrets')}
  0x00000218b0ee2200: 0000 0048 | b880 2151 | 6107 0000 | 008b 407c | 48c1 e003 | 8b4e 1048 | c1e1 0348 | 83f8 000f 
  0x00000218b0ee2220: 842a 0000 

  0x00000218b0ee2224: ;   {metadata('java/lang/System$2')}
  0x00000218b0ee2224: 0048 be58 | 0501 0008 | 0000 0044 | 8b70 0849 | ba00 0000 | 0008 0000 | 004d 03f2 | 493b 7638 
  0x00000218b0ee2244: 0f85 3a01 | 0000 e900 | 0000 004c | 8bd8 483b | 0048 3b01 | 488b d10f 

  0x00000218b0ee225c: ;   {optimized virtual_call}
  0x00000218b0ee225c: 1f40 00e8 

  0x00000218b0ee2260: ; ImmutableOopMap {[144]=Oop [152]=Oop [160]=Oop [168]=Oop [184]=Oop }
                      ;*invokevirtual protectionDomain {reexecute=0 rethrow=0 return_oop=0}
                      ; - java.lang.System$2::protectionDomain@1 (line 2486)
                      ; - java.lang.invoke.MethodHandles$Lookup::lookupClassProtectionDomain@17 (line 2467)
                      ; - java.lang.invoke.MethodHandles$Lookup$ClassDefiner::defineClass@23 (line 2447)
  0x00000218b0ee2260: 5c44 1d00 | 450f be47 | 4041 83f8 | 0048 8bb4 | 2490 0000 | 000f 8518 | 0100 004c | 8bd0 49c1 
  0x00000218b0ee2280: ea03 4489 | 5618 f083 | 4424 c000 | 4c8b c64c | 33c0 49c1 | e815 4983 | f800 0f85 | 1301 0000 
  0x00000218b0ee22a0: e912 0000 | 0048 899c | 24a0 0000 

  0x00000218b0ee22ac: ;   {oop(NULL)}
  0x00000218b0ee22ac: 0048 b800 | 0000 0000 | 0000 0048 | 8b9c 24a0 | 0000 0048 | 8bbc 24a8 | 0000 0048 | 8b94 2498 
  0x00000218b0ee22cc: ;   {oop(a 'java/lang/Class'{0x0000000761512180} = 'jdk/internal/access/SharedSecrets')}
  0x00000218b0ee22cc: 0000 0049 | b880 2151 | 6107 0000 | 0045 8b70 | 7c49 c1e6 | 038b 7214 | 48c1 e603 | 8b4a 1848 
  0x00000218b0ee22ec: c1e1 0344 | 8b4a 0c49 | 83fe 000f | 842a 0000 

  0x00000218b0ee22fc: ;   {metadata('java/lang/System$2')}
  0x00000218b0ee22fc: 0049 bb58 | 0501 0008 | 0000 0045 | 8b6e 0849 | ba00 0000 | 0008 0000 | 004d 03ea | 4d3b 5d38 
  0x00000218b0ee231c: 0f85 a900 | 0000 e900 | 0000 004d | 8bc6 493b | 064c 8bc3 | 498b d14c | 8bcf 488b | fe48 8bf1 
  0x00000218b0ee233c: 488b c88b | 8424 b000 | 0000 8904 | 2489 5424 | 0848 8b94 | 24b8 0000 | 0048 8954 | 2410 498b 
  0x00000218b0ee235c: ;   {optimized virtual_call}
  0x00000218b0ee235c: d666 90e8 

  0x00000218b0ee2360: ; ImmutableOopMap {[152]=Oop [168]=Oop }
                      ;*invokeinterface defineClass {reexecute=0 rethrow=0 return_oop=0}
                      ; - java.lang.invoke.MethodHandles$Lookup$ClassDefiner::defineClass@54 (line 2449)
  0x00000218b0ee2360: 7cfa ffff | 4881 c4d0 | 0000 005d 

  0x00000218b0ee236c: ;   {poll_return}
  0x00000218b0ee236c: 493b a778 | 0300 000f | 875c 0000 

  0x00000218b0ee2378: ;   {runtime_call throw_null_pointer_exception Runtime1 stub}
  0x00000218b0ee2378: 00c3 e8a1 

  0x00000218b0ee237c: ; ImmutableOopMap {rdx=Oop r9=Oop rsi=Oop [144]=Oop [152]=Oop [184]=Oop }
                      ;*invokevirtual lookupClass {reexecute=0 rethrow=0 return_oop=0}
                      ; - java.lang.invoke.MethodHandles$Lookup$ClassDefiner::defineClass@4 (line 2445)
                      ;   {runtime_call throw_null_pointer_exception Runtime1 stub}
  0x00000218b0ee237c: 7abc ffe8 

  0x00000218b0ee2380: ; ImmutableOopMap {rdx=Oop r9=Oop rsi=Oop rdi=Oop [144]=Oop [152]=Oop [168]=Oop [184]=Oop }
                      ;*invokevirtual getClassLoader {reexecute=0 rethrow=0 return_oop=0}
                      ; - java.lang.invoke.MethodHandles$Lookup$ClassDefiner::defineClass@9 (line 2446)
  0x00000218b0ee2380: 9c7a bcff 

  0x00000218b0ee2384: ;   {runtime_call throw_incompatible_class_change_error Runtime1 stub}
  0x00000218b0ee2384: e897 a7bc 

  0x00000218b0ee2388: ; ImmutableOopMap {rax=Oop rcx=Oop [144]=Oop [152]=Oop [160]=Oop [168]=Oop [184]=Oop }
                      ;*invokeinterface protectionDomain {reexecute=0 rethrow=0 return_oop=0}
                      ; - java.lang.invoke.MethodHandles$Lookup::lookupClassProtectionDomain@17 (line 2467)
                      ; - java.lang.invoke.MethodHandles$Lookup$ClassDefiner::defineClass@23 (line 2447)
                      ;   {runtime_call throw_null_pointer_exception Runtime1 stub}
  0x00000218b0ee2388: ffe8 927a 

  0x00000218b0ee238c: ; ImmutableOopMap {rcx=Oop [144]=Oop [152]=Oop [160]=Oop [168]=Oop [184]=Oop }
                      ;*invokeinterface protectionDomain {reexecute=0 rethrow=0 return_oop=0}
                      ; - java.lang.invoke.MethodHandles$Lookup::lookupClassProtectionDomain@17 (line 2467)
                      ; - java.lang.invoke.MethodHandles$Lookup$ClassDefiner::defineClass@23 (line 2447)
                      ;   {runtime_call throw_null_pointer_exception Runtime1 stub}
  0x00000218b0ee238c: bcff e88d 

  0x00000218b0ee2390: ; ImmutableOopMap {rcx=Oop [144]=Oop [152]=Oop [160]=Oop [168]=Oop [184]=Oop }
                      ;*invokevirtual protectionDomain {reexecute=0 rethrow=0 return_oop=0}
                      ; - java.lang.System$2::protectionDomain@1 (line 2486)
                      ; - java.lang.invoke.MethodHandles$Lookup::lookupClassProtectionDomain@17 (line 2467)
                      ; - java.lang.invoke.MethodHandles$Lookup$ClassDefiner::defineClass@23 (line 2447)
  0x00000218b0ee2390: 7abc ff44 | 8b46 1849 | c1e0 0349 | 83f8 000f | 84d6 feff | ff4c 8904 

  0x00000218b0ee23a8: ;   {runtime_call g1_pre_barrier_slow}
  0x00000218b0ee23a8: 24e8 52da | bcff e9c8 | feff ff48 | 83f8 000f | 84e3 feff | ff48 8934 

  0x00000218b0ee23c0: ;   {runtime_call g1_post_barrier_slow}
  0x00000218b0ee23c0: 24e8 3add | bcff e9d5 

  0x00000218b0ee23c8: ;   {runtime_call throw_incompatible_class_change_error Runtime1 stub}
  0x00000218b0ee23c8: feff ffe8 

  0x00000218b0ee23cc: ; ImmutableOopMap {rax=Oop rdi=Oop rbx=Oop r14=Oop rsi=Oop rcx=Oop [152]=Oop [168]=Oop [184]=Oop }
                      ;*invokeinterface defineClass {reexecute=0 rethrow=0 return_oop=0}
                      ; - java.lang.invoke.MethodHandles$Lookup$ClassDefiner::defineClass@54 (line 2449)
  0x00000218b0ee23cc: 50a7 bcff 

  0x00000218b0ee23d0: ;   {runtime_call throw_null_pointer_exception Runtime1 stub}
  0x00000218b0ee23d0: e84b 7abc 

  0x00000218b0ee23d4: ; ImmutableOopMap {rax=Oop rdi=Oop rbx=Oop r14=Oop rsi=Oop rcx=Oop [152]=Oop [168]=Oop [184]=Oop }
                      ;*invokeinterface defineClass {reexecute=0 rethrow=0 return_oop=0}
                      ; - java.lang.invoke.MethodHandles$Lookup$ClassDefiner::defineClass@54 (line 2449)
                      ;   {internal_word}
  0x00000218b0ee23d4: ff49 ba6c | 23ee b018 | 0200 004d | 8997 9003 

  0x00000218b0ee23e4: ;   {runtime_call SafepointBlob}
  0x00000218b0ee23e4: 0000 e915 | 5ab2 ff49 | 8b87 2004 | 0000 49c7 | 8720 0400 | 0000 0000 | 0049 c787 | 2804 0000 
  0x00000218b0ee2404: 0000 0000 | 4881 c4d0 | 0000 005d 

  0x00000218b0ee2410: ;   {runtime_call unwind_exception Runtime1 stub}
  0x00000218b0ee2410: e9eb 64bc | fff4 f4f4 | f4f4 f4f4 | f4f4 f4f4 
[Stub Code]
  0x00000218b0ee2420: ;   {no_reloc}
  0x00000218b0ee2420: 0f1f 4400 

  0x00000218b0ee2424: ;   {static_stub}
  0x00000218b0ee2424: 0048 bb78 | b201 0008 

  0x00000218b0ee242c: ;   {runtime_call I2C/C2I adapters}
  0x00000218b0ee242c: 0000 00e9 | 25ea b1ff 

  0x00000218b0ee2434: ;   {static_stub}
  0x00000218b0ee2434: 9048 bb00 | 0000 0000 

  0x00000218b0ee243c: ;   {runtime_call}
  0x00000218b0ee243c: 0000 00e9 | fbff ffff 
[Exception Handler]
  0x00000218b0ee2444: ;   {runtime_call handle_exception_from_callee Runtime1 stub}
  0x00000218b0ee2444: e8b7 9abc 

  0x00000218b0ee2448: ;   {external_word}
  0x00000218b0ee2448: ff48 b928 | 4932 27fa | 7f00 0048 

  0x00000218b0ee2454: ;   {runtime_call}
  0x00000218b0ee2454: 83e4 f049 | ba00 fefd | 26fa 7f00 | 0041 ffd2 

  0x00000218b0ee2464: ;   {section_word}
  0x00000218b0ee2464: f449 ba65 | 24ee b018 | 0200 0041 

  0x00000218b0ee2470: ;   {runtime_call DeoptimizationBlob}
  0x00000218b0ee2470: 52e9 2a4c | b2ff f4f4 
[/MachCode]


---------------  P R O C E S S  ---------------

Threads class SMR info:
_java_thread_list=0x00000218c0f2def0, length=18, elements={
0x00000218a8a486c0, 0x00000218bc3b0c40, 0x00000218bc3b1a30, 0x00000218bc3b8780,
0x00000218bc3bb780, 0x00000218bc3bd860, 0x00000218bc3e1aa0, 0x00000218bc3e61b0,
0x00000218bc3e9020, 0x00000218bc3e8ad0, 0x00000218c0894f30, 0x00000218bc3ea010,
0x00000218bc3eaab0, 0x00000218c0d42200, 0x00000218c0d491d0, 0x00000218bc3e7590,
0x00000218bc3e9570, 0x00000218bc3ea560
}

Java Threads: ( => current thread )
=>0x00000218a8a486c0 JavaThread "main" [_thread_in_vm, id=12052, stack(0x00000096a2500000,0x00000096a2600000)]
  0x00000218bc3b0c40 JavaThread "Reference Handler" daemon [_thread_blocked, id=8464, stack(0x00000096a2c00000,0x00000096a2d00000)]
  0x00000218bc3b1a30 JavaThread "Finalizer" daemon [_thread_blocked, id=8052, stack(0x00000096a2d00000,0x00000096a2e00000)]
  0x00000218bc3b8780 JavaThread "Signal Dispatcher" daemon [_thread_blocked, id=8564, stack(0x00000096a2e00000,0x00000096a2f00000)]
  0x00000218bc3bb780 JavaThread "Attach Listener" daemon [_thread_blocked, id=14312, stack(0x00000096a2f00000,0x00000096a3000000)]
  0x00000218bc3bd860 JavaThread "Service Thread" daemon [_thread_blocked, id=16128, stack(0x00000096a3000000,0x00000096a3100000)]
  0x00000218bc3e1aa0 JavaThread "Monitor Deflation Thread" daemon [_thread_blocked, id=13048, stack(0x00000096a3100000,0x00000096a3200000)]
  0x00000218bc3e61b0 JavaThread "C1 CompilerThread0" daemon [_thread_blocked, id=16020, stack(0x00000096a3200000,0x00000096a3300000)]
  0x00000218bc3e9020 JavaThread "Sweeper thread" daemon [_thread_blocked, id=6692, stack(0x00000096a3300000,0x00000096a3400000)]
  0x00000218bc3e8ad0 JavaThread "Common-Cleaner" daemon [_thread_blocked, id=12100, stack(0x00000096a3400000,0x00000096a3500000)]
  0x00000218c0894f30 JavaThread "C1 CompilerThread1" daemon [_thread_blocked, id=15908, stack(0x00000096a3500000,0x00000096a3600000)]
  0x00000218bc3ea010 JavaThread "Monitor Ctrl-Break" daemon [_thread_in_native, id=2140, stack(0x00000096a3600000,0x00000096a3700000)]
  0x00000218bc3eaab0 JavaThread "Notification Thread" daemon [_thread_blocked, id=7220, stack(0x00000096a3700000,0x00000096a3800000)]
  0x00000218c0d42200 JavaThread "C1 CompilerThread2" daemon [_thread_blocked, id=1656, stack(0x00000096a3800000,0x00000096a3900000)]
  0x00000218c0d491d0 JavaThread "C1 CompilerThread3" daemon [_thread_blocked, id=3680, stack(0x00000096a3900000,0x00000096a3a00000)]
  0x00000218bc3e7590 JavaThread "RMI TCP Accept-0" daemon [_thread_in_native, id=12968, stack(0x00000096a3a00000,0x00000096a3b00000)]
  0x00000218bc3e9570 JavaThread "RMI TCP Connection(1)-192.168.56.1" daemon [_thread_in_native, id=9984, stack(0x00000096a4300000,0x00000096a4400000)]
  0x00000218bc3ea560 JavaThread "RMI Scheduler(0)" daemon [_thread_blocked, id=10024, stack(0x00000096a4400000,0x00000096a4500000)]

Other Threads:
  0x00000218bc398320 VMThread "VM Thread" [stack: 0x00000096a2b00000,0x00000096a2c00000] [id=13632]
  0x00000218a8a498f0 WatcherThread "VM Periodic Task Thread" [stack: 0x00000096a3b00000,0x00000096a3c00000] [id=8056]
  0x00000218a8a9c200 WorkerThread "GC Thread#0" [stack: 0x00000096a2600000,0x00000096a2700000] [id=14500]
  0x00000218c0f5be50 WorkerThread "GC Thread#1" [stack: 0x00000096a3c00000,0x00000096a3d00000] [id=6580]
  0x00000218c0f7ecd0 WorkerThread "GC Thread#2" [stack: 0x00000096a3d00000,0x00000096a3e00000] [id=14748]
  0x00000218c0fb6950 WorkerThread "GC Thread#3" [stack: 0x00000096a3e00000,0x00000096a3f00000] [id=11552]
  0x00000218c0fb6c20 WorkerThread "GC Thread#4" [stack: 0x00000096a3f00000,0x00000096a4000000] [id=4652]
  0x00000218c0fb6f40 WorkerThread "GC Thread#5" [stack: 0x00000096a4000000,0x00000096a4100000] [id=5312]
  0x00000218c0fb8b60 WorkerThread "GC Thread#6" [stack: 0x00000096a4100000,0x00000096a4200000] [id=12172]
  0x00000218c0fb74e0 WorkerThread "GC Thread#7" [stack: 0x00000096a4200000,0x00000096a4300000] [id=10164]
  0x00000218a8aa8220 ConcurrentGCThread "G1 Main Marker" [stack: 0x00000096a2700000,0x00000096a2800000] [id=3284]
  0x00000218a8aa93f0 WorkerThread "G1 Conc#0" [stack: 0x00000096a2800000,0x00000096a2900000] [id=13272]
  0x00000218a8b03f80 ConcurrentGCThread "G1 Refine#0" [stack: 0x00000096a2900000,0x00000096a2a00000] [id=9092]
  0x00000218a8b04ac0 ConcurrentGCThread "G1 Service" [stack: 0x00000096a2a00000,0x00000096a2b00000] [id=3900]

Threads with active compile tasks:

VM state: not at safepoint (normal execution)

VM Mutex/Monitor currently owned by a thread:  ([mutex/lock_event])
[0x00000218a8a42ed0] Metaspace_lock - owner thread: 0x00000218a8a486c0

Heap address: 0x0000000760e00000, size: 2546 MB, Compressed Oops mode: Zero based, Oop shift amount: 3

CDS archive(s) mapped at: [0x0000000800000000-0x0000000800c30000-0x0000000800c30000), size 12779520, SharedBaseAddress: 0x0000000800000000, ArchiveRelocationMode: 0.
Compressed class space mapped at: 0x0000000801000000-0x0000000841000000, reserved size: 1073741824
Narrow klass base: 0x0000000800000000, Narrow klass shift: 0, Narrow klass range: 0x100000000

GC Precious Log:
 CardTable entry size: 512
 Card Set container configuration: InlinePtr #cards 4 size 8 Array Of Cards #cards 16 size 48 Howl #buckets 8 coarsen threshold 3686 Howl Bitmap #cards 512 size 80 coarsen threshold 460 Card regions per heap region 1 cards per card region 4096
 CPUs: 8 total, 8 available
 Memory: 10178M
 Large Page Support: Disabled
 NUMA Support: Disabled
 Compressed Oops: Enabled (Zero based)
 Heap Region Size: 2M
 Heap Min Capacity: 8M
 Heap Initial Capacity: 160M
 Heap Max Capacity: 2546M
 Pre-touch: Disabled
 Parallel Workers: 8
 Concurrent Workers: 2
 Concurrent Refinement Workers: 8
 Periodic GC: Disabled

Heap:
 garbage-first heap   total 163840K, used 60649K [0x0000000760e00000, 0x0000000800000000)
  region size 2048K, 27 young (55296K), 1 survivors (2048K)
 Metaspace       used 20733K, committed 21120K, reserved 1114112K
  class space    used 2658K, committed 2880K, reserved 1048576K

Heap Regions: E=young(eden), S=young(survivor), O=old, HS=humongous(starts), HC=humongous(continues), CS=collection set, F=free, OA=open archive, CA=closed archive, TAMS=top-at-mark-start (previous, next)
|   0|0x0000000760e00000, 0x0000000761000000, 0x0000000761000000|100%| O|  |TAMS 0x0000000760e00000, 0x0000000760e00000| Untracked 
|   1|0x0000000761000000, 0x0000000761200000, 0x0000000761200000|100%| O|  |TAMS 0x0000000761000000, 0x0000000761000000| Untracked 
|   2|0x0000000761200000, 0x0000000761400000, 0x0000000761400000|100%| O|  |TAMS 0x0000000761200000, 0x0000000761200000| Untracked 
|   3|0x0000000761400000, 0x0000000761540200, 0x0000000761600000| 62%| O|  |TAMS 0x0000000761400000, 0x0000000761400000| Untracked 
|   4|0x0000000761600000, 0x0000000761600000, 0x0000000761800000|  0%| F|  |TAMS 0x0000000761600000, 0x0000000761600000| Untracked 
|   5|0x0000000761800000, 0x0000000761800000, 0x0000000761a00000|  0%| F|  |TAMS 0x0000000761800000, 0x0000000761800000| Untracked 
|   6|0x0000000761a00000, 0x0000000761a00000, 0x0000000761c00000|  0%| F|  |TAMS 0x0000000761a00000, 0x0000000761a00000| Untracked 
|   7|0x0000000761c00000, 0x0000000761c00000, 0x0000000761e00000|  0%| F|  |TAMS 0x0000000761c00000, 0x0000000761c00000| Untracked 
|   8|0x0000000761e00000, 0x0000000761e00000, 0x0000000762000000|  0%| F|  |TAMS 0x0000000761e00000, 0x0000000761e00000| Untracked 
|   9|0x0000000762000000, 0x0000000762000000, 0x0000000762200000|  0%| F|  |TAMS 0x0000000762000000, 0x0000000762000000| Untracked 
|  10|0x0000000762200000, 0x0000000762200000, 0x0000000762400000|  0%| F|  |TAMS 0x0000000762200000, 0x0000000762200000| Untracked 
|  11|0x0000000762400000, 0x0000000762400000, 0x0000000762600000|  0%| F|  |TAMS 0x0000000762400000, 0x0000000762400000| Untracked 
|  12|0x0000000762600000, 0x0000000762600000, 0x0000000762800000|  0%| F|  |TAMS 0x0000000762600000, 0x0000000762600000| Untracked 
|  13|0x0000000762800000, 0x0000000762800000, 0x0000000762a00000|  0%| F|  |TAMS 0x0000000762800000, 0x0000000762800000| Untracked 
|  14|0x0000000762a00000, 0x0000000762a00000, 0x0000000762c00000|  0%| F|  |TAMS 0x0000000762a00000, 0x0000000762a00000| Untracked 
|  15|0x0000000762c00000, 0x0000000762c00000, 0x0000000762e00000|  0%| F|  |TAMS 0x0000000762c00000, 0x0000000762c00000| Untracked 
|  16|0x0000000762e00000, 0x0000000762e00000, 0x0000000763000000|  0%| F|  |TAMS 0x0000000762e00000, 0x0000000762e00000| Untracked 
|  17|0x0000000763000000, 0x0000000763000000, 0x0000000763200000|  0%| F|  |TAMS 0x0000000763000000, 0x0000000763000000| Untracked 
|  18|0x0000000763200000, 0x0000000763200000, 0x0000000763400000|  0%| F|  |TAMS 0x0000000763200000, 0x0000000763200000| Untracked 
|  19|0x0000000763400000, 0x0000000763400000, 0x0000000763600000|  0%| F|  |TAMS 0x0000000763400000, 0x0000000763400000| Untracked 
|  20|0x0000000763600000, 0x0000000763600000, 0x0000000763800000|  0%| F|  |TAMS 0x0000000763600000, 0x0000000763600000| Untracked 
|  21|0x0000000763800000, 0x0000000763800000, 0x0000000763a00000|  0%| F|  |TAMS 0x0000000763800000, 0x0000000763800000| Untracked 
|  22|0x0000000763a00000, 0x0000000763a00000, 0x0000000763c00000|  0%| F|  |TAMS 0x0000000763a00000, 0x0000000763a00000| Untracked 
|  23|0x0000000763c00000, 0x0000000763c00000, 0x0000000763e00000|  0%| F|  |TAMS 0x0000000763c00000, 0x0000000763c00000| Untracked 
|  24|0x0000000763e00000, 0x0000000763e00000, 0x0000000764000000|  0%| F|  |TAMS 0x0000000763e00000, 0x0000000763e00000| Untracked 
|  25|0x0000000764000000, 0x0000000764000000, 0x0000000764200000|  0%| F|  |TAMS 0x0000000764000000, 0x0000000764000000| Untracked 
|  26|0x0000000764200000, 0x0000000764200000, 0x0000000764400000|  0%| F|  |TAMS 0x0000000764200000, 0x0000000764200000| Untracked 
|  27|0x0000000764400000, 0x0000000764400000, 0x0000000764600000|  0%| F|  |TAMS 0x0000000764400000, 0x0000000764400000| Untracked 
|  28|0x0000000764600000, 0x0000000764600000, 0x0000000764800000|  0%| F|  |TAMS 0x0000000764600000, 0x0000000764600000| Untracked 
|  29|0x0000000764800000, 0x0000000764800000, 0x0000000764a00000|  0%| F|  |TAMS 0x0000000764800000, 0x0000000764800000| Untracked 
|  30|0x0000000764a00000, 0x0000000764a00000, 0x0000000764c00000|  0%| F|  |TAMS 0x0000000764a00000, 0x0000000764a00000| Untracked 
|  31|0x0000000764c00000, 0x0000000764c00000, 0x0000000764e00000|  0%| F|  |TAMS 0x0000000764c00000, 0x0000000764c00000| Untracked 
|  32|0x0000000764e00000, 0x0000000764e00000, 0x0000000765000000|  0%| F|  |TAMS 0x0000000764e00000, 0x0000000764e00000| Untracked 
|  33|0x0000000765000000, 0x0000000765000000, 0x0000000765200000|  0%| F|  |TAMS 0x0000000765000000, 0x0000000765000000| Untracked 
|  34|0x0000000765200000, 0x0000000765200000, 0x0000000765400000|  0%| F|  |TAMS 0x0000000765200000, 0x0000000765200000| Untracked 
|  35|0x0000000765400000, 0x0000000765400000, 0x0000000765600000|  0%| F|  |TAMS 0x0000000765400000, 0x0000000765400000| Untracked 
|  36|0x0000000765600000, 0x0000000765600000, 0x0000000765800000|  0%| F|  |TAMS 0x0000000765600000, 0x0000000765600000| Untracked 
|  37|0x0000000765800000, 0x0000000765800000, 0x0000000765a00000|  0%| F|  |TAMS 0x0000000765800000, 0x0000000765800000| Untracked 
|  38|0x0000000765a00000, 0x0000000765a00000, 0x0000000765c00000|  0%| F|  |TAMS 0x0000000765a00000, 0x0000000765a00000| Untracked 
|  39|0x0000000765c00000, 0x0000000765c00000, 0x0000000765e00000|  0%| F|  |TAMS 0x0000000765c00000, 0x0000000765c00000| Untracked 
|  40|0x0000000765e00000, 0x0000000765e00000, 0x0000000766000000|  0%| F|  |TAMS 0x0000000765e00000, 0x0000000765e00000| Untracked 
|  41|0x0000000766000000, 0x0000000766000000, 0x0000000766200000|  0%| F|  |TAMS 0x0000000766000000, 0x0000000766000000| Untracked 
|  42|0x0000000766200000, 0x0000000766200000, 0x0000000766400000|  0%| F|  |TAMS 0x0000000766200000, 0x0000000766200000| Untracked 
|  43|0x0000000766400000, 0x0000000766400000, 0x0000000766600000|  0%| F|  |TAMS 0x0000000766400000, 0x0000000766400000| Untracked 
|  44|0x0000000766600000, 0x0000000766600000, 0x0000000766800000|  0%| F|  |TAMS 0x0000000766600000, 0x0000000766600000| Untracked 
|  45|0x0000000766800000, 0x0000000766800000, 0x0000000766a00000|  0%| F|  |TAMS 0x0000000766800000, 0x0000000766800000| Untracked 
|  46|0x0000000766a00000, 0x0000000766a00000, 0x0000000766c00000|  0%| F|  |TAMS 0x0000000766a00000, 0x0000000766a00000| Untracked 
|  47|0x0000000766c00000, 0x0000000766c00000, 0x0000000766e00000|  0%| F|  |TAMS 0x0000000766c00000, 0x0000000766c00000| Untracked 
|  48|0x0000000766e00000, 0x0000000766e00000, 0x0000000767000000|  0%| F|  |TAMS 0x0000000766e00000, 0x0000000766e00000| Untracked 
|  49|0x0000000767000000, 0x0000000767000000, 0x0000000767200000|  0%| F|  |TAMS 0x0000000767000000, 0x0000000767000000| Untracked 
|  50|0x0000000767200000, 0x0000000767200000, 0x0000000767400000|  0%| F|  |TAMS 0x0000000767200000, 0x0000000767200000| Untracked 
|  51|0x0000000767400000, 0x0000000767400000, 0x0000000767600000|  0%| F|  |TAMS 0x0000000767400000, 0x0000000767400000| Untracked 
|  52|0x0000000767600000, 0x0000000767600000, 0x0000000767800000|  0%| F|  |TAMS 0x0000000767600000, 0x0000000767600000| Untracked 
|  53|0x0000000767800000, 0x00000007678e1f88, 0x0000000767a00000| 44%| E|  |TAMS 0x0000000767800000, 0x0000000767800000| Complete 
|  54|0x0000000767a00000, 0x0000000767c00000, 0x0000000767c00000|100%| E|CS|TAMS 0x0000000767a00000, 0x0000000767a00000| Complete 
|  55|0x0000000767c00000, 0x0000000767e00000, 0x0000000767e00000|100%| E|CS|TAMS 0x0000000767c00000, 0x0000000767c00000| Complete 
|  56|0x0000000767e00000, 0x0000000768000000, 0x0000000768000000|100%| E|CS|TAMS 0x0000000767e00000, 0x0000000767e00000| Complete 
|  57|0x0000000768000000, 0x0000000768200000, 0x0000000768200000|100%| E|CS|TAMS 0x0000000768000000, 0x0000000768000000| Complete 
|  58|0x0000000768200000, 0x0000000768400000, 0x0000000768400000|100%| E|CS|TAMS 0x0000000768200000, 0x0000000768200000| Complete 
|  59|0x0000000768400000, 0x0000000768600000, 0x0000000768600000|100%| E|CS|TAMS 0x0000000768400000, 0x0000000768400000| Complete 
|  60|0x0000000768600000, 0x0000000768800000, 0x0000000768800000|100%| E|CS|TAMS 0x0000000768600000, 0x0000000768600000| Complete 
|  61|0x0000000768800000, 0x0000000768a00000, 0x0000000768a00000|100%| E|CS|TAMS 0x0000000768800000, 0x0000000768800000| Complete 
|  62|0x0000000768a00000, 0x0000000768c00000, 0x0000000768c00000|100%| E|CS|TAMS 0x0000000768a00000, 0x0000000768a00000| Complete 
|  63|0x0000000768c00000, 0x0000000768e00000, 0x0000000768e00000|100%| E|CS|TAMS 0x0000000768c00000, 0x0000000768c00000| Complete 
|  64|0x0000000768e00000, 0x0000000769000000, 0x0000000769000000|100%| E|CS|TAMS 0x0000000768e00000, 0x0000000768e00000| Complete 
|  65|0x0000000769000000, 0x00000007691fa520, 0x0000000769200000| 98%| S|CS|TAMS 0x0000000769000000, 0x0000000769000000| Complete 
|  66|0x0000000769200000, 0x0000000769400000, 0x0000000769400000|100%| E|CS|TAMS 0x0000000769200000, 0x0000000769200000| Complete 
|  67|0x0000000769400000, 0x0000000769600000, 0x0000000769600000|100%| E|CS|TAMS 0x0000000769400000, 0x0000000769400000| Complete 
|  68|0x0000000769600000, 0x0000000769800000, 0x0000000769800000|100%| E|CS|TAMS 0x0000000769600000, 0x0000000769600000| Complete 
|  69|0x0000000769800000, 0x0000000769a00000, 0x0000000769a00000|100%| E|CS|TAMS 0x0000000769800000, 0x0000000769800000| Complete 
|  70|0x0000000769a00000, 0x0000000769c00000, 0x0000000769c00000|100%| E|CS|TAMS 0x0000000769a00000, 0x0000000769a00000| Complete 
|  71|0x0000000769c00000, 0x0000000769e00000, 0x0000000769e00000|100%| E|CS|TAMS 0x0000000769c00000, 0x0000000769c00000| Complete 
|  72|0x0000000769e00000, 0x000000076a000000, 0x000000076a000000|100%| E|CS|TAMS 0x0000000769e00000, 0x0000000769e00000| Complete 
|  73|0x000000076a000000, 0x000000076a200000, 0x000000076a200000|100%| E|CS|TAMS 0x000000076a000000, 0x000000076a000000| Complete 
|  74|0x000000076a200000, 0x000000076a400000, 0x000000076a400000|100%| E|CS|TAMS 0x000000076a200000, 0x000000076a200000| Complete 
|  75|0x000000076a400000, 0x000000076a600000, 0x000000076a600000|100%| E|CS|TAMS 0x000000076a400000, 0x000000076a400000| Complete 
|  76|0x000000076a600000, 0x000000076a800000, 0x000000076a800000|100%| E|CS|TAMS 0x000000076a600000, 0x000000076a600000| Complete 
|  77|0x000000076a800000, 0x000000076aa00000, 0x000000076aa00000|100%| E|CS|TAMS 0x000000076a800000, 0x000000076a800000| Complete 
|  78|0x000000076aa00000, 0x000000076ac00000, 0x000000076ac00000|100%| E|CS|TAMS 0x000000076aa00000, 0x000000076aa00000| Complete 
|  79|0x000000076ac00000, 0x000000076ae00000, 0x000000076ae00000|100%| E|CS|TAMS 0x000000076ac00000, 0x000000076ac00000| Complete 

Card table byte_map: [0x00000218b3fb0000,0x00000218b44b0000] _byte_map_base: 0x00000218b04a9000

Marking Bits (Prev, Next): (CMBitMap*) 0x00000218a8a9d840, (CMBitMap*) 0x00000218a8a9d880
 Prev Bits: [0x00000218b49b0000, 0x00000218b7178000)
 Next Bits: [0x00000218b7180000, 0x00000218b9948000)

Polling page: 0x00000218a8210000

Metaspace:

Usage:
  Non-class:     17.65 MB used.
      Class:      2.60 MB used.
       Both:     20.25 MB used.

Virtual space:
  Non-class space:       64.00 MB reserved,      17.81 MB ( 28%) committed,  1 nodes.
      Class space:        1.00 GB reserved,       2.81 MB ( <1%) committed,  1 nodes.
             Both:        1.06 GB reserved,      20.62 MB (  2%) committed. 

Chunk freelists:
   Non-Class:  1.44 MB
       Class:  1.17 MB
        Both:  2.61 MB

MaxMetaspaceSize: unlimited
CompressedClassSpaceSize: 1.00 GB
Initial GC threshold: 21.00 MB
Current GC threshold: 21.00 MB
CDS: on
MetaspaceReclaimPolicy: balanced
 - commit_granule_bytes: 65536.
 - commit_granule_words: 8192.
 - virtual_space_node_default_size: 8388608.
 - enlarge_chunks_in_place: 1.
 - new_chunks_are_fully_committed: 0.
 - uncommit_free_chunks: 1.
 - use_allocation_guard: 0.


Internal statistics:

num_allocs_failed_limit: 0.
num_arena_births: 390.
num_arena_deaths: 0.
num_vsnodes_births: 2.
num_vsnodes_deaths: 0.
num_space_committed: 330.
num_space_uncommitted: 0.
num_chunks_returned_to_freelist: 0.
num_chunks_taken_from_freelist: 1013.
num_chunk_merges: 0.
num_chunk_splits: 703.
num_chunks_enlarged: 513.
num_inconsistent_stats: 0.

CodeCache: size=49152Kb used=7800Kb max_used=7800Kb free=41351Kb
 bounds [0x00000218b09a0000, 0x00000218b1140000, 0x00000218b39a0000]
 total_blobs=3640 nmethods=3133 adapters=429
 compilation: enabled
              stopped_count=0, restarted_count=0
 full_count=0

Compilation events (20 events):
Event: 2.990 Thread 0x00000218c0d491d0 3124       1       jdk.internal.org.objectweb.asm.SymbolTable::addMergedType (164 bytes)
Event: 2.990 Thread 0x00000218c0d42200 3126       1       org.springframework.core.annotation.TypeMappedAnnotations$MergedAnnotationFinder::doWithAnnotations (10 bytes)
Event: 2.990 Thread 0x00000218c0d42200 nmethod 3126 0x00000218b1138490 code [0x00000218b1138620, 0x00000218b1138708]
Event: 2.990 Thread 0x00000218c0d42200 3127       1       org.springframework.core.annotation.TypeMappedAnnotations$MergedAnnotationFinder::doWithAnnotations (75 bytes)
Event: 2.991 Thread 0x00000218c0d42200 nmethod 3127 0x00000218b1138790 code [0x00000218b1138940, 0x00000218b1138b38]
Event: 2.991 Thread 0x00000218bc3e61b0 nmethod 3121 0x00000218b1138d10 code [0x00000218b1139160, 0x00000218b113a258]
Event: 2.991 Thread 0x00000218c0d491d0 nmethod 3124 0x00000218b113ad90 code [0x00000218b113af80, 0x00000218b113b338]
Event: 2.991 Thread 0x00000218c0894f30 nmethod 3122 0x00000218b113b690 code [0x00000218b113b900, 0x00000218b113c228]
Event: 2.992 Thread 0x00000218c0d491d0 3128       1       org.springframework.context.annotation.ConfigurationClassBeanDefinitionReader$ConfigurationClassBeanDefinition::getMetadata (5 bytes)
Event: 2.992 Thread 0x00000218bc3e61b0 3129       1       sun.reflect.annotation.AnnotationParser::parseArrayElements (101 bytes)
Event: 2.992 Thread 0x00000218c0d491d0 nmethod 3128 0x00000218b113c910 code [0x00000218b113caa0, 0x00000218b113cb78]
Event: 2.993 Thread 0x00000218bc3e61b0 nmethod 3129 0x00000218b113cc10 code [0x00000218b113cde0, 0x00000218b113d158]
Event: 2.999 Thread 0x00000218c0d491d0 3130       1       org.springframework.context.annotation.ConfigurationClass::getResource (5 bytes)
Event: 2.999 Thread 0x00000218c0d491d0 nmethod 3130 0x00000218b113d310 code [0x00000218b113d4a0, 0x00000218b113d578]
Event: 2.999 Thread 0x00000218c0d491d0 3131       1       org.springframework.core.annotation.TypeMappedAnnotations::scan (62 bytes)
Event: 2.999 Thread 0x00000218c0d42200 3132       1       org.springframework.core.annotation.AnnotationsScanner::scan (18 bytes)
Event: 2.999 Thread 0x00000218c0894f30 3133       1       org.springframework.core.annotation.AnnotationsScanner::process (43 bytes)
Event: 3.000 Thread 0x00000218c0d42200 nmethod 3132 0x00000218b113d610 code [0x00000218b113d7c0, 0x00000218b113d8b8]
Event: 3.000 Thread 0x00000218c0d491d0 nmethod 3131 0x00000218b113d990 code [0x00000218b113db60, 0x00000218b113dd58]
Event: 3.000 Thread 0x00000218c0894f30 nmethod 3133 0x00000218b113de90 code [0x00000218b113e060, 0x00000218b113e2a8]

GC Heap History (4 events):
Event: 1.146 GC heap before
{Heap before GC invocations=0 (full 0):
 garbage-first heap   total 163840K, used 20480K [0x0000000760e00000, 0x0000000800000000)
  region size 2048K, 11 young (22528K), 0 survivors (0K)
 Metaspace       used 6723K, committed 6976K, reserved 1114112K
  class space    used 770K, committed 896K, reserved 1048576K
}
Event: 1.158 GC heap after
{Heap after GC invocations=1 (full 0):
 garbage-first heap   total 163840K, used 7461K [0x0000000760e00000, 0x0000000800000000)
  region size 2048K, 2 young (4096K), 2 survivors (4096K)
 Metaspace       used 6723K, committed 6976K, reserved 1114112K
  class space    used 770K, committed 896K, reserved 1048576K
}
Event: 1.883 GC heap before
{Heap before GC invocations=1 (full 0):
 garbage-first heap   total 163840K, used 29989K [0x0000000760e00000, 0x0000000800000000)
  region size 2048K, 14 young (28672K), 2 survivors (4096K)
 Metaspace       used 12573K, committed 12928K, reserved 1114112K
  class space    used 1630K, committed 1792K, reserved 1048576K
}
Event: 1.892 GC heap after
{Heap after GC invocations=2 (full 0):
 garbage-first heap   total 163840K, used 9449K [0x0000000760e00000, 0x0000000800000000)
  region size 2048K, 1 young (2048K), 1 survivors (2048K)
 Metaspace       used 12573K, committed 12928K, reserved 1114112K
  class space    used 1630K, committed 1792K, reserved 1048576K
}

Dll operation events (13 events):
Event: 0.016 Loaded shared library C:\Users\User\.jdks\openjdk-19.0.1\bin\java.dll
Event: 0.030 Loaded shared library C:\Users\User\.jdks\openjdk-19.0.1\bin\jsvml.dll
Event: 0.219 Loaded shared library C:\Users\User\.jdks\openjdk-19.0.1\bin\zip.dll
Event: 0.223 Loaded shared library C:\Users\User\.jdks\openjdk-19.0.1\bin\instrument.dll
Event: 0.236 Loaded shared library C:\Users\User\.jdks\openjdk-19.0.1\bin\net.dll
Event: 0.240 Loaded shared library C:\Users\User\.jdks\openjdk-19.0.1\bin\nio.dll
Event: 0.246 Loaded shared library C:\Users\User\.jdks\openjdk-19.0.1\bin\zip.dll
Event: 0.384 Loaded shared library C:\Program Files\JetBrains\IntelliJ IDEA 2022.2.2\bin\breakgen64.dll
Event: 0.395 Loaded shared library C:\Users\User\.jdks\openjdk-19.0.1\bin\jimage.dll
Event: 0.398 Loaded shared library C:\Users\User\.jdks\openjdk-19.0.1\bin\extnet.dll
Event: 0.440 Loaded shared library C:\Users\User\.jdks\openjdk-19.0.1\bin\management.dll
Event: 0.464 Loaded shared library C:\Users\User\.jdks\openjdk-19.0.1\bin\management_ext.dll
Event: 0.916 Loaded shared library C:\Users\User\.jdks\openjdk-19.0.1\bin\verify.dll

Deoptimization events (6 events):
Event: 0.651 Thread 0x00000218a8a486c0 DEOPT PACKING pc=0x00000218b0c4a455 sp=0x00000096a25fd4d0
Event: 0.651 Thread 0x00000218a8a486c0 DEOPT UNPACKING pc=0x00000218b0a07543 sp=0x00000096a25fc980 mode 3
Event: 0.664 Thread 0x00000218a8a486c0 DEOPT PACKING pc=0x00000218b0d7b750 sp=0x00000096a25fd4a0
Event: 0.664 Thread 0x00000218a8a486c0 DEOPT UNPACKING pc=0x00000218b0a07543 sp=0x00000096a25fc958 mode 3
Event: 1.994 Thread 0x00000218a8a486c0 DEOPT PACKING pc=0x00000218b0fb0c99 sp=0x00000096a25fd700
Event: 1.994 Thread 0x00000218a8a486c0 DEOPT UNPACKING pc=0x00000218b0a07543 sp=0x00000096a25fcbe0 mode 3

Classes loaded (20 events):
Event: 2.128 Loading class java/util/regex/Pattern$BnM
Event: 2.128 Loading class java/util/regex/Pattern$BnM done
Event: 2.128 Loading class java/util/regex/Pattern$Pos
Event: 2.128 Loading class java/util/regex/Pattern$Pos done
Event: 2.129 Loading class java/net/SocketException
Event: 2.129 Loading class java/net/SocketException done
Event: 2.149 Loading class java/util/regex/Pattern$LazyLoop
Event: 2.149 Loading class java/util/regex/Pattern$Loop
Event: 2.150 Loading class java/util/regex/Pattern$Loop done
Event: 2.150 Loading class java/util/regex/Pattern$LazyLoop done
Event: 2.150 Loading class java/util/regex/Pattern$Prolog
Event: 2.150 Loading class java/util/regex/Pattern$Prolog done
Event: 2.165 Loading class java/lang/AssertionError
Event: 2.165 Loading class java/lang/AssertionError done
Event: 2.348 Loading class java/lang/Thread$ThreadNumbering
Event: 2.348 Loading class java/lang/Thread$ThreadNumbering done
Event: 2.359 Loading class javax/naming/ldap/LdapContext
Event: 2.359 Loading class javax/naming/directory/DirContext
Event: 2.360 Loading class javax/naming/directory/DirContext done
Event: 2.360 Loading class javax/naming/ldap/LdapContext done

Classes unloaded (0 events):
No events

Classes redefined (0 events):
No events

Internal exceptions (20 events):
Event: 2.110 Thread 0x00000218a8a486c0 Exception <a 'java/lang/ClassNotFoundException'{0x0000000769c6cf30}: org/springframework/core/OrderedCustomizer> (0x0000000769c6cf30) 
thrown [s\open\src\hotspot\share\classfile\systemDictionary.cpp, line 255]
Event: 2.111 Thread 0x00000218a8a486c0 Exception <a 'java/lang/ClassNotFoundException'{0x0000000769c71f30}: org/springframework/context/ResourceLoaderAwareCustomizer> (0x0000000769c71f30) 
thrown [s\open\src\hotspot\share\classfile\systemDictionary.cpp, line 255]
Event: 2.112 Thread 0x00000218a8a486c0 Exception <a 'java/lang/ClassNotFoundException'{0x0000000769c77008}: org/springframework/beans/factory/AwareCustomizer> (0x0000000769c77008) 
thrown [s\open\src\hotspot\share\classfile\systemDictionary.cpp, line 255]
Event: 2.112 Thread 0x00000218a8a486c0 Exception <a 'java/lang/ClassNotFoundException'{0x0000000769c7b158}: org/springframework/context/ApplicationStartupAwareCustomizer> (0x0000000769c7b158) 
thrown [s\open\src\hotspot\share\classfile\systemDictionary.cpp, line 255]
Event: 2.113 Thread 0x00000218a8a486c0 Exception <a 'java/lang/ClassNotFoundException'{0x0000000769c804b8}: org/springframework/beans/factory/AwareCustomizer> (0x0000000769c804b8) 
thrown [s\open\src\hotspot\share\classfile\systemDictionary.cpp, line 255]
Event: 2.113 Thread 0x00000218a8a486c0 Exception <a 'java/lang/ClassNotFoundException'{0x0000000769c846e0}: org/springframework/beans/factory/BeanClassLoaderAwareCustomizer> (0x0000000769c846e0) 
thrown [s\open\src\hotspot\share\classfile\systemDictionary.cpp, line 255]
Event: 2.114 Thread 0x00000218a8a486c0 Exception <a 'java/lang/ClassNotFoundException'{0x0000000769c897a0}: org/springframework/beans/factory/AwareCustomizer> (0x0000000769c897a0) 
thrown [s\open\src\hotspot\share\classfile\systemDictionary.cpp, line 255]
Event: 2.114 Thread 0x00000218a8a486c0 Exception <a 'java/lang/ClassNotFoundException'{0x0000000769c8d658}: org/springframework/context/EnvironmentAwareCustomizer> (0x0000000769c8d658) 
thrown [s\open\src\hotspot\share\classfile\systemDictionary.cpp, line 255]
Event: 2.115 Thread 0x00000218a8a486c0 Exception <a 'java/lang/ClassNotFoundException'{0x0000000769c926b0}: org/springframework/beans/factory/AwareCustomizer> (0x0000000769c926b0) 
thrown [s\open\src\hotspot\share\classfile\systemDictionary.cpp, line 255]
Event: 2.139 Thread 0x00000218bc3e9ac0 Exception <a 'java/lang/NoSuchMethodError'{0x0000000769afcfb8}: 'long java.lang.invoke.DirectMethodHandle$Holder.invokeStatic(java.lang.Object, java.lang.Object)'> (0x0000000769afcfb8) 
thrown [s\open\src\hotspot\share\interpreter\linkResolver.cpp, line 774]
Event: 2.139 Thread 0x00000218bc3e9ac0 Exception <a 'java/lang/NoSuchMethodError'{0x0000000769b005c0}: 'long java.lang.invoke.DirectMethodHandle$Holder.invokeStaticInit(java.lang.Object, java.lang.Object)'> (0x0000000769b005c0) 
thrown [s\open\src\hotspot\share\interpreter\linkResolver.cpp, line 774]
Event: 2.141 Thread 0x00000218bc3e9ac0 Exception <a 'java/lang/NoSuchMethodError'{0x0000000769b0e730}: 'long java.lang.invoke.DirectMethodHandle$Holder.invokeInterface(java.lang.Object, java.lang.Object)'> (0x0000000769b0e730) 
thrown [s\open\src\hotspot\share\interpreter\linkResolver.cpp, line 774]
Event: 2.141 Thread 0x00000218bc3e9ac0 Exception <a 'java/lang/IncompatibleClassChangeError'{0x0000000769b11cc8}: Found class java.lang.Object, but interface was expected> (0x0000000769b11cc8) 
thrown [s\open\src\hotspot\share\interpreter\linkResolver.cpp, line 841]
Event: 2.151 Thread 0x00000218bc3e9ac0 Exception <a 'java/lang/NoSuchMethodError'{0x0000000769b79460}: 'java.lang.Object java.lang.invoke.DirectMethodHandle$Holder.invokeVirtual(java.lang.Object, java.lang.Object, java.lang.Object, java.lang.Object)'> (0x0000000769b79460) 
thrown [s\open\src\hotspot\share\interpreter\linkResolver.cpp, line 774]
Event: 2.398 Thread 0x00000218a8a486c0 Exception <a 'java/lang/IncompatibleClassChangeError'{0x0000000768f77170}: Found class java.lang.Object, but interface was expected> (0x0000000768f77170) 
thrown [s\open\src\hotspot\share\interpreter\linkResolver.cpp, line 841]
Event: 2.428 Thread 0x00000218a8a486c0 Exception <a 'java/lang/NoSuchMethodError'{0x0000000768cc4e98}: 'void java.lang.invoke.DirectMethodHandle$Holder.invokeInterface(java.lang.Object, java.lang.Object, java.lang.Object, java.lang.Object)'> (0x0000000768cc4e98) 
thrown [s\open\src\hotspot\share\interpreter\linkResolver.cpp, line 774]
Event: 2.499 Thread 0x00000218a8a486c0 Exception <a 'java/lang/NoSuchMethodError'{0x0000000768b412b8}: 'java.lang.reflect.Method[] java.lang.Class.getDeclaredMethods(java.lang.Class)'> (0x0000000768b412b8) 
thrown [s\open\src\hotspot\share\interpreter\linkResolver.cpp, line 774]
Event: 2.500 Thread 0x00000218a8a486c0 Exception <a 'java/lang/NoSuchMethodError'{0x0000000768b45c20}: 'java.lang.Object java.lang.invoke.DirectMethodHandle$Holder.invokeStatic(java.lang.Object, java.lang.Object, int)'> (0x0000000768b45c20) 
thrown [s\open\src\hotspot\share\interpreter\linkResolver.cpp, line 774]
Event: 2.501 Thread 0x00000218a8a486c0 Exception <a 'java/lang/NoSuchMethodError'{0x0000000768b51678}: 'void java.lang.invoke.DelegatingMethodHandle$Holder.delegate(java.lang.Object, java.lang.Object, int, java.lang.Object)'> (0x0000000768b51678) 
thrown [s\open\src\hotspot\share\interpreter\linkResolver.cpp, line 774]
Event: 2.503 Thread 0x00000218a8a486c0 Exception <a 'java/lang/NoSuchMethodError'{0x0000000768b6fdf8}: 'java.lang.reflect.Field[] java.lang.Class.getDeclaredFields(java.lang.Class)'> (0x0000000768b6fdf8) 
thrown [s\open\src\hotspot\share\interpreter\linkResolver.cpp, line 774]

VM Operations (20 events):
Event: 1.622 Executing VM operation: HandshakeAllThreads
Event: 1.622 Executing VM operation: HandshakeAllThreads done
Event: 1.767 Executing VM operation: HandshakeAllThreads
Event: 1.767 Executing VM operation: HandshakeAllThreads done
Event: 1.795 Executing VM operation: ICBufferFull
Event: 1.796 Executing VM operation: ICBufferFull done
Event: 1.810 Executing VM operation: HandshakeAllThreads
Event: 1.810 Executing VM operation: HandshakeAllThreads done
Event: 1.883 Executing VM operation: G1CollectForAllocation
Event: 1.892 Executing VM operation: G1CollectForAllocation done
Event: 2.058 Executing VM operation: HandshakeAllThreads
Event: 2.058 Executing VM operation: HandshakeAllThreads done
Event: 2.100 Executing VM operation: HandshakeAllThreads
Event: 2.100 Executing VM operation: HandshakeAllThreads done
Event: 2.132 Executing VM operation: HandshakeAllThreads
Event: 2.132 Executing VM operation: HandshakeAllThreads done
Event: 2.512 Executing VM operation: ICBufferFull
Event: 2.512 Executing VM operation: ICBufferFull done
Event: 2.747 Executing VM operation: HandshakeAllThreads
Event: 2.747 Executing VM operation: HandshakeAllThreads done

Events (20 events):
Event: 0.206 Thread 0x00000218c0894f30 Thread added: 0x00000218c0894f30
Event: 0.385 Thread 0x00000218bc3ea010 Thread added: 0x00000218bc3ea010
Event: 0.385 Thread 0x00000218bc3eaab0 Thread added: 0x00000218bc3eaab0
Event: 0.652 Thread 0x00000218c0d42200 Thread added: 0x00000218c0d42200
Event: 0.654 Thread 0x00000218c0d491d0 Thread added: 0x00000218c0d491d0
Event: 0.869 Thread 0x00000218bc3e7590 Thread added: 0x00000218bc3e7590
Event: 1.185 Thread 0x00000218bc3e9570 Thread added: 0x00000218bc3e9570
Event: 1.216 Thread 0x00000218bc3ea560 Thread added: 0x00000218bc3ea560
Event: 1.232 Thread 0x00000218bc3e9ac0 Thread added: 0x00000218bc3e9ac0
Event: 1.278 Thread 0x00000218bc3e9ac0 Thread exited: 0x00000218bc3e9ac0
Event: 1.781 Thread 0x00000218bc3e7ae0 Thread added: 0x00000218bc3e7ae0
Event: 1.785 Thread 0x00000218bc3e9ac0 Thread added: 0x00000218bc3e9ac0
Event: 1.793 Thread 0x00000218bc3e7ae0 Thread exited: 0x00000218bc3e7ae0
Event: 2.154 Thread 0x00000218bc3e9ac0 Thread exited: 0x00000218bc3e9ac0
Event: 2.296 Thread 0x00000218bc3e7ae0 Thread added: 0x00000218bc3e7ae0
Event: 2.302 Thread 0x00000218bc3e7ae0 Thread exited: 0x00000218bc3e7ae0
Event: 2.348 Thread 0x00000218bc3e7ae0 Thread added: 0x00000218bc3e7ae0
Event: 2.373 Thread 0x00000218bc3e7ae0 Thread exited: 0x00000218bc3e7ae0
Event: 2.806 Thread 0x00000218bc3e9ac0 Thread added: 0x00000218bc3e9ac0
Event: 2.812 Thread 0x00000218bc3e9ac0 Thread exited: 0x00000218bc3e9ac0


Dynamic libraries:
0x00007ff73abe0000 - 0x00007ff73abee000 	C:\Users\User\.jdks\openjdk-19.0.1\bin\java.exe
0x00007ffaaaa10000 - 0x00007ffaaac08000 	C:\WINDOWS\SYSTEM32\ntdll.dll
0x00007ffaa8e70000 - 0x00007ffaa8f2f000 	C:\WINDOWS\System32\KERNEL32.DLL
0x00007ffaa8370000 - 0x00007ffaa8642000 	C:\WINDOWS\System32\KERNELBASE.dll
0x00007ffaa8270000 - 0x00007ffaa8370000 	C:\WINDOWS\System32\ucrtbase.dll
0x00007ffa7ef40000 - 0x00007ffa7ef57000 	C:\Users\User\.jdks\openjdk-19.0.1\bin\jli.dll
0x00007ffa83310000 - 0x00007ffa8332b000 	C:\Users\User\.jdks\openjdk-19.0.1\bin\VCRUNTIME140.dll
0x00007ffaa9c20000 - 0x00007ffaa9dbd000 	C:\WINDOWS\System32\USER32.dll
0x00007ffa98680000 - 0x00007ffa9891a000 	C:\WINDOWS\WinSxS\amd64_microsoft.windows.common-controls_6595b64144ccf1df_6.0.19041.1110_none_60b5254171f9507e\COMCTL32.dll
0x00007ffaa8980000 - 0x00007ffaa89a2000 	C:\WINDOWS\System32\win32u.dll
0x00007ffaaa800000 - 0x00007ffaaa89e000 	C:\WINDOWS\System32\msvcrt.dll
0x00007ffaa9bf0000 - 0x00007ffaa9c1b000 	C:\WINDOWS\System32\GDI32.dll
0x00007ffaa8110000 - 0x00007ffaa821f000 	C:\WINDOWS\System32\gdi32full.dll
0x00007ffaa86f0000 - 0x00007ffaa878d000 	C:\WINDOWS\System32\msvcp_win.dll
0x00007ffaa9a90000 - 0x00007ffaa9ac2000 	C:\WINDOWS\System32\IMM32.DLL
0x00007ffa8fe30000 - 0x00007ffa8fe3c000 	C:\Users\User\.jdks\openjdk-19.0.1\bin\vcruntime140_1.dll
0x00007ffa6dba0000 - 0x00007ffa6dc2e000 	C:\Users\User\.jdks\openjdk-19.0.1\bin\msvcp140.dll
0x00007ffa269c0000 - 0x00007ffa27680000 	C:\Users\User\.jdks\openjdk-19.0.1\bin\server\jvm.dll
0x00007ffaa98e0000 - 0x00007ffaa998e000 	C:\WINDOWS\System32\ADVAPI32.dll
0x00007ffaa9ad0000 - 0x00007ffaa9b6c000 	C:\WINDOWS\System32\sechost.dll
0x00007ffaaa8a0000 - 0x00007ffaaa9c5000 	C:\WINDOWS\System32\RPCRT4.dll
0x00007ffa90e00000 - 0x00007ffa90e09000 	C:\WINDOWS\SYSTEM32\WSOCK32.dll
0x00007ffa9ec80000 - 0x00007ffa9eca7000 	C:\WINDOWS\SYSTEM32\WINMM.dll
0x00007ffaa9a20000 - 0x00007ffaa9a8b000 	C:\WINDOWS\System32\WS2_32.dll
0x00007ffa9ec70000 - 0x00007ffa9ec7a000 	C:\WINDOWS\SYSTEM32\VERSION.dll
0x00007ffaa5fd0000 - 0x00007ffaa5fe2000 	C:\WINDOWS\SYSTEM32\kernel.appcore.dll
0x00007ffa8e8c0000 - 0x00007ffa8e8ca000 	C:\Users\User\.jdks\openjdk-19.0.1\bin\jimage.dll
0x00007ffa9d6b0000 - 0x00007ffa9d894000 	C:\WINDOWS\SYSTEM32\DBGHELP.DLL
0x00007ffa9d650000 - 0x00007ffa9d67c000 	C:\WINDOWS\SYSTEM32\dbgcore.DLL
0x00007ffaa88f0000 - 0x00007ffaa8972000 	C:\WINDOWS\System32\bcryptPrimitives.dll
0x00007ffaa3fb0000 - 0x00007ffaa3fbe000 	C:\Users\User\.jdks\openjdk-19.0.1\bin\instrument.dll
0x00007ffa7c0e0000 - 0x00007ffa7c106000 	C:\Users\User\.jdks\openjdk-19.0.1\bin\java.dll
0x00007ffa6d610000 - 0x00007ffa6d6e7000 	C:\Users\User\.jdks\openjdk-19.0.1\bin\jsvml.dll
0x00007ffaa8fe0000 - 0x00007ffaa9723000 	C:\WINDOWS\System32\SHELL32.dll
0x00007ffaa61d0000 - 0x00007ffaa6962000 	C:\WINDOWS\SYSTEM32\windows.storage.dll
0x00007ffaaa440000 - 0x00007ffaaa794000 	C:\WINDOWS\System32\combase.dll
0x00007ffaa7a90000 - 0x00007ffaa7ac0000 	C:\WINDOWS\SYSTEM32\Wldp.dll
0x00007ffaa8f30000 - 0x00007ffaa8fdd000 	C:\WINDOWS\System32\SHCORE.dll
0x00007ffaaa7a0000 - 0x00007ffaaa7f5000 	C:\WINDOWS\System32\shlwapi.dll
0x00007ffaa8050000 - 0x00007ffaa806f000 	C:\WINDOWS\SYSTEM32\profapi.dll
0x00007ffa7b800000 - 0x00007ffa7b818000 	C:\Users\User\.jdks\openjdk-19.0.1\bin\zip.dll
0x00007ffa7bb50000 - 0x00007ffa7bb63000 	C:\Users\User\.jdks\openjdk-19.0.1\bin\net.dll
0x00007ffa9ddc0000 - 0x00007ffa9decc000 	C:\WINDOWS\SYSTEM32\WINHTTP.dll
0x00007ffaa77f0000 - 0x00007ffaa785a000 	C:\WINDOWS\system32\mswsock.dll
0x00007ffa7b820000 - 0x00007ffa7b836000 	C:\Users\User\.jdks\openjdk-19.0.1\bin\nio.dll
0x00007ffaa3b30000 - 0x00007ffaa3b4a000 	C:\Program Files\JetBrains\IntelliJ IDEA 2022.2.2\bin\breakgen64.dll
0x00007ffa83400000 - 0x00007ffa83408000 	C:\Users\User\.jdks\openjdk-19.0.1\bin\extnet.dll
0x00007ffaa7520000 - 0x00007ffaa75ea000 	C:\WINDOWS\SYSTEM32\DNSAPI.dll
0x00007ffaa74e0000 - 0x00007ffaa751b000 	C:\WINDOWS\SYSTEM32\IPHLPAPI.DLL
0x00007ffaa9740000 - 0x00007ffaa9748000 	C:\WINDOWS\System32\NSI.dll
0x0000000063560000 - 0x0000000063569000 	C:\Program Files\National Instruments\Shared\mDNS Responder\nimdnsNSP.dll
0x0000000063550000 - 0x000000006355c000 	C:\WINDOWS\SYSTEM32\nimdnsResponder.dll
0x0000000050540000 - 0x00000000505e3000 	C:\WINDOWS\WinSxS\amd64_microsoft.vc90.crt_1fc8b3b9a1e18e3b_9.0.30729.9625_none_08e1c10da83fbc83\MSVCR90.dll
0x00007ffa9d930000 - 0x00007ffa9d93a000 	C:\Windows\System32\rasadhlp.dll
0x00007ffa9d4e0000 - 0x00007ffa9d560000 	C:\WINDOWS\System32\fwpuclnt.dll
0x00007ffaa86c0000 - 0x00007ffaa86e7000 	C:\WINDOWS\System32\bcrypt.dll
0x00007ffaa3f90000 - 0x00007ffaa3f9a000 	C:\Users\User\.jdks\openjdk-19.0.1\bin\management.dll
0x00007ffaa3f70000 - 0x00007ffaa3f7b000 	C:\Users\User\.jdks\openjdk-19.0.1\bin\management_ext.dll
0x00007ffaa9730000 - 0x00007ffaa9738000 	C:\WINDOWS\System32\PSAPI.DLL
0x00007ffaa79f0000 - 0x00007ffaa7a08000 	C:\WINDOWS\SYSTEM32\CRYPTSP.dll
0x00007ffaa7110000 - 0x00007ffaa7144000 	C:\WINDOWS\system32\rsaenh.dll
0x00007ffaa8010000 - 0x00007ffaa803e000 	C:\WINDOWS\SYSTEM32\USERENV.dll
0x00007ffaa79e0000 - 0x00007ffaa79ec000 	C:\WINDOWS\SYSTEM32\CRYPTBASE.dll
0x00007ffaa01a0000 - 0x00007ffaa01b7000 	C:\WINDOWS\SYSTEM32\dhcpcsvc6.DLL
0x00007ffa9f9b0000 - 0x00007ffa9f9cd000 	C:\WINDOWS\SYSTEM32\dhcpcsvc.DLL
0x00007ffa9cb40000 - 0x00007ffa9cb57000 	C:\WINDOWS\system32\napinsp.dll
0x00007ffa9cab0000 - 0x00007ffa9cacb000 	C:\WINDOWS\system32\pnrpnsp.dll
0x00007ffa7e700000 - 0x00007ffa7e715000 	C:\WINDOWS\system32\wshbth.dll
0x00007ffaa3980000 - 0x00007ffaa399d000 	C:\WINDOWS\system32\NLAapi.dll
0x00007ffa9c8b0000 - 0x00007ffa9c8c2000 	C:\WINDOWS\System32\winrnr.dll
0x00007ffa7ef10000 - 0x00007ffa7ef20000 	C:\Users\User\.jdks\openjdk-19.0.1\bin\verify.dll

dbghelp: loaded successfully - version: 4.0.5 - missing functions: none
symbol engine: initialized successfully - sym options: 0x614 - pdb path: .;C:\Users\User\.jdks\openjdk-19.0.1\bin;C:\WINDOWS\SYSTEM32;C:\WINDOWS\WinSxS\amd64_microsoft.windows.common-controls_6595b64144ccf1df_6.0.19041.1110_none_60b5254171f9507e;C:\Users\User\.jdks\openjdk-19.0.1\bin\server;C:\Program Files\JetBrains\IntelliJ IDEA 2022.2.2\bin;C:\Program Files\National Instruments\Shared\mDNS Responder;C:\WINDOWS\WinSxS\amd64_microsoft.vc90.crt_1fc8b3b9a1e18e3b_9.0.30729.9625_none_08e1c10da83fbc83

VM Arguments:
jvm_args: -XX:TieredStopAtLevel=1 -Dspring.output.ansi.enabled=always -Dcom.sun.management.jmxremote -Dspring.jmx.enabled=true -Dspring.liveBeansView.mbeanDomain -Dspring.application.admin.enabled=true -javaagent:C:\Program Files\JetBrains\IntelliJ IDEA 2022.2.2\lib\idea_rt.jar=51033:C:\Program Files\JetBrains\IntelliJ IDEA 2022.2.2\bin -Dfile.encoding=UTF-8 -Dsun.stdout.encoding=UTF-8 -Dsun.stderr.encoding=UTF-8 
java_command: com.example.petlife.PetlifeApplication
java_class_path (initial): D:\  \5 \\PetLife\target\classes;C:\Users\User\.m2\repository\org\springframework\boot\spring-boot-starter-data-jpa\2.7.5\spring-boot-starter-data-jpa-2.7.5.jar;C:\Users\User\.m2\repository\org\springframework\boot\spring-boot-starter-aop\2.7.5\spring-boot-starter-aop-2.7.5.jar;C:\Users\User\.m2\repository\org\aspectj\aspectjweaver\1.9.7\aspectjweaver-1.9.7.jar;C:\Users\User\.m2\repository\org\springframework\boot\spring-boot-starter-jdbc\2.7.5\spring-boot-starter-jdbc-2.7.5.jar;C:\Users\User\.m2\repository\com\zaxxer\HikariCP\4.0.3\HikariCP-4.0.3.jar;C:\Users\User\.m2\repository\org\springframework\spring-jdbc\5.3.23\spring-jdbc-5.3.23.jar;C:\Users\User\.m2\repository\jakarta\transaction\jakarta.transaction-api\1.3.3\jakarta.transaction-api-1.3.3.jar;C:\Users\User\.m2\repository\jakarta\persistence\jakarta.persistence-api\2.2.3\jakarta.persistence-api-2.2.3.jar;C:\Users\User\.m2\repository\org\hibernate\hibernate-core\5.6.12.Final\hibernate-core-5.6.12.Final.jar;C:\Users\User\.m2\repository\org\jboss\logging\jboss-logging\3.4.3.Final\jboss-logging-3.4.3.Final.jar;C:\Users\User\.m2\repository\net\bytebuddy\byte-buddy\1.12.18\byte-buddy-1.12.18.jar;C:\Users\User\.m2\repository\antlr\antlr\2.7.7\antlr-2.7.7.jar;C:\Users\User\.m2\repository\org\jboss\jandex\2.4.2.Final\jandex-2.4.2.Final.jar;C:\Users\User\.m2\repository\com\fasterxml\classmate\1.5.1\classmate-1.5.1.jar;C:\Users\User\.m2\repository\org\hibernate\common\hibernate-commons-annotations\5.1.2.Final\hibernate-commons-annotations-5.1.2.Final.jar;C:\Users\User\.m2\repository\org\glassfish\jaxb\jaxb-runtime\2.3.7\jaxb-runtime-2.3.7.jar;C:\Users\User\.m2\repository\org\glassfish\jaxb\txw2\2.3.7\txw2-2.3.7.jar;C:\Users\User\.m2\repository\com\sun\istack\istack-commons-runtime\3.0.12\istack-commons-runtime-3.0.12.jar;C:\Users\User\.m2\repository\org\springframework\data\spring-data-jpa\2.7.5\spring-data-jpa-2.7.5.jar;C:\Users\User\.m2\repository\org\springframework\data\spring-data-commons\2.7.5\spring-data-commons-2.7.5.jar;C:\Users\User\.m2\repository\org\springframework\spring-orm\5.3.23\spring-orm-5.3.23.jar;C:\Users\User\.m2\repository\org\springframework\spring-context\5.3.23\spring-context-5.3.23.jar;C:\Users\User\.m2\repository\org\springframework\spring-tx\5.3.23\spring-tx-5.3.23.jar;C:\Users\User\.m2\repository\org\springframework\spring-beans\5.3.23\spring-beans-5.3.23.jar;C:\Users\User\.m2\repository\org\slf4j\slf4j-api\1.7.36\slf4j-api-1.7.36.jar;C:\Users\User\.m2\repository\org\springframework\spring-aspects\5.3.23\spring-aspects-5.3.23.jar;C:\Users\User\.m2\repository\org\springframework\boot\spring-boot-starter-freemarker\2.7.5\spring-boot-starter-freemarker-2.7.5.jar;C:\Users\User\.m2\repository\org\springframework\boot\spring-boot-starter\2.7.5\spring-boot-starter-2.7.5.jar;C:\Users\User\.m2\repository\org\springframework\boot\spring-boot\2.7.5\spring-boot-2.7.5.jar;C:\Users\User\.m2\repository\org\springframework\boot\spring-boot-autoconfigure\2.7.5\spring-boot-autoconfigure-2.7.5.jar;C:\Users\User\.m2\repository\org\springframework\boot\spring-boot-starter-logging\2.7.5\spring-boot-starter-logging-2.7.5.jar;C:\Users\User\.m2\repository\ch\qos\logback\logback-classic\1.2.11\logback-classic-1.2.11.jar;C:\Users\User\.m2\repository\ch\qos\logback\logback-core\1.2.11\logback-core-1.2.11.jar;C:\Users\User\.m2\repository\org\apache\logging\log4j\log4j-to-slf4j\2.17.2\log4j-to-slf4j-2.17.2.jar;C:\Users\User\.m2\repository\org\apache\logging\log4j\log4j-api\2.17.2\log4j-api-2.17.2.jar;C:\Users\User\.m2\repository\org\slf4j\jul-to-slf4j\1.7.36\jul-to-slf4j-1.7.36.jar;C:\Users\User\.m2\repository\jakarta\annotation\jakarta.annotation-api\1.3.5\jakarta.annotation-api-1.3.5.jar;C:\Users\User\.m2\repository\org\yaml\snakeyaml\1.30\snakeyaml-1.30.jar;C:\Users\User\.m2\repository\org\freemarker\freemarker\2.3.31\freemarker-2.3.31.jar;C:\Users\User\.m2\repository\org\springframework\spring-context-support\5.3.23\spring-context-support-5.3.23.jar;C:\Users\User\.m2\repository\org\springframework\boot\spring-boot-starter-mail\2.7.5\spring-boot-starter-mail-2.7.5.jar;C:\Users\User\.m2\repository\com\sun\mail\jakarta.mail\1.6.7\jakarta.mail-1.6.7.jar;C:\Users\User\.m2\repository\com\sun\activation\jakarta.activation\1.2.2\jakarta.activation-1.2.2.jar;C:\Users\User\.m2\repository\org\springframework\boot\spring-boot-starter-security\2.7.5\spring-boot-starter-security-2.7.5.jar;C:\Users\User\.m2\repository\org\springframework\spring-aop\5.3.23\spring-aop-5.3.23.jar;C:\Users\User\.m2\repository\org\springframework\security\spring-security-config\5.7.4\spring-security-config-5.7.4.jar;C:\Users\User\.m2\repository\org\springframework\security\spring-security-web\5.7.4\spring-security-web-5.7.4.jar;C:\Users\User\.m2\repository\org\springframework\spring-expression\5.3.23\spring-expression-5.3.23.jar;C:\Users\User\.m2\repository\org\springframework\boot\spring-boot-starter-web\2.7.5\spring-boot-starter-web-2.7.5.jar;C:\Users\User\.m2\repository\org\springframework\boot\spring-boot-starter-json\2.7.5\spring-boot-starter-json-2.7.5.jar;C:\Users\User\.m2\repository\com\fasterxml\jackson\core\jackson-databind\2.13.4.2\jackson-databind-2.13.4.2.jar;C:\Users\User\.m2\repository\com\fasterxml\jackson\core\jackson-annotations\2.13.4\jackson-annotations-2.13.4.jar;C:\Users\User\.m2\repository\com\fasterxml\jackson\core\jackson-core\2.13.4\jackson-core-2.13.4.jar;C:\Users\User\.m2\repository\com\fasterxml\jackson\datatype\jackson-datatype-jdk8\2.13.4\jackson-datatype-jdk8-2.13.4.jar;C:\Users\User\.m2\repository\com\fasterxml\jackson\datatype\jackson-datatype-jsr310\2.13.4\jackson-datatype-jsr310-2.13.4.jar;C:\Users\User\.m2\repository\com\fasterxml\jackson\module\jackson-module-parameter-names\2.13.4\jackson-module-parameter-names-2.13.4.jar;C:\Users\User\.m2\repository\org\springframework\boot\spring-boot-starter-tomcat\2.7.5\spring-boot-starter-tomcat-2.7.5.jar;C:\Users\User\.m2\repository\org\apache\tomcat\embed\tomcat-embed-core\9.0.68\tomcat-embed-core-9.0.68.jar;C:\Users\User\.m2\repository\org\apache\tomcat\embed\tomcat-embed-el\9.0.68\tomcat-embed-el-9.0.68.jar;C:\Users\User\.m2\repository\org\apache\tomcat\embed\tomcat-embed-websocket\9.0.68\tomcat-embed-websocket-9.0.68.jar;C:\Users\User\.m2\repository\org\springframework\spring-web\5.3.23\spring-web-5.3.23.jar;C:\Users\User\.m2\repository\org\springframework\spring-webmvc\5.3.23\spring-webmvc-5.3.23.jar;C:\Users\User\.m2\repository\org\postgresql\postgresql\42.3.7\postgresql-42.3.7.jar;C:\Users\User\.m2\repository\org\checkerframework\checker-qual\3.5.0\checker-qual-3.5.0.jar;C:\Users\User\.m2\repository\jakarta\xml\bind\jakarta.xml.bind-api\2.3.3\jakarta.xml.bind-api-2.3.3.jar;C:\Users\User\.m2\repository\jakarta\activation\jakarta.activation-api\1.2.2\jakarta.activation-api-1.2.2.jar;C:\Users\User\.m2\repository\org\springframework\spring-core\5.3.23\spring-core-5.3.23.jar;C:\Users\User\.m2\repository\org\springframework\spring-jcl\5.3.23\spring-jcl-5.3.23.jar;C:\Users\User\.m2\repository\org\springframework\security\spring-security-core\5.7.4\spring-security-core-5.7.4.jar;C:\Users\User\.m2\repository\org\springframework\security\spring-security-crypto\5.7.4\spring-security-crypto-5.7.4.jar;C:\Users\User\.m2\repository\org\projectlombok\lombok\1.18.24\lombok-1.18.24.jar
Launcher Type: SUN_STANDARD

[Global flags]
     intx CICompilerCount                          = 4                                         {product} {ergonomic}
     uint ConcGCThreads                            = 2                                         {product} {ergonomic}
     uint G1ConcRefinementThreads                  = 8                                         {product} {ergonomic}
   size_t G1HeapRegionSize                         = 2097152                                   {product} {ergonomic}
    uintx GCDrainStackTargetSize                   = 64                                        {product} {ergonomic}
   size_t InitialHeapSize                          = 167772160                                 {product} {ergonomic}
     bool ManagementServer                         = true                                      {product} {command line}
   size_t MarkStackSize                            = 4194304                                   {product} {ergonomic}
   size_t MaxHeapSize                              = 2669674496                                {product} {ergonomic}
   size_t MaxNewSize                               = 1600126976                                {product} {ergonomic}
   size_t MinHeapDeltaBytes                        = 2097152                                   {product} {ergonomic}
   size_t MinHeapSize                              = 8388608                                   {product} {ergonomic}
    uintx NonProfiledCodeHeapSize                  = 0                                      {pd product} {ergonomic}
     bool ProfileInterpreter                       = false                                  {pd product} {command line}
    uintx ProfiledCodeHeapSize                     = 0                                      {pd product} {ergonomic}
   size_t SoftMaxHeapSize                          = 2669674496                             {manageable} {ergonomic}
     intx TieredStopAtLevel                        = 1                                         {product} {command line}
     bool UseCompressedClassPointers               = true                           {product lp64_product} {ergonomic}
     bool UseCompressedOops                        = true                           {product lp64_product} {ergonomic}
     bool UseG1GC                                  = true                                      {product} {ergonomic}
     bool UseLargePagesIndividualAllocation        = false                                  {pd product} {ergonomic}

Logging:
Log output configuration:
 #0: stdout all=warning uptime,level,tags foldmultilines=false
 #1: stderr all=off uptime,level,tags foldmultilines=false

Environment Variables:
PATH=C:\Python310\Scripts\;C:\Python310\;C:\ProgramData\Oracle\Java\javapath;C:\Program Files (x86)\Embarcadero\Studio\20.0\bin;C:\Users\Public\Documents\Embarcadero\Studio\20.0\Bpl;C:\Program Files (x86)\Embarcadero\Studio\20.0\bin64;C:\Users\Public\Documents\Embarcadero\Studio\20.0\Bpl\Win64;C:\WINDOWS\system32;C:\WINDOWS;C:\WINDOWS\System32\Wbem;C:\WINDOWS\System32\WindowsPowerShell\v1.0\;C:\WINDOWS\System32\OpenSSH\;C:\ProgramData\chocolatey\bin;C:\Users\User\AppData\Roaming\nvm;C:\Program Files\nodejs;C:\Program Files\nodejs\;C:\Program Files\Git\cmd;C:\Program Files\TortoiseSVN\bin;C:\Ruby30-x64\bin;C:\Users\User\AppData\Local\Microsoft\WindowsApps;C:\Users\User\AppData\Local\Programs\Microsoft VS Code\bin;C:\Users\User\AppData\Roaming\nvm;C:\Program Files\nodejs;C:\Users\User\AppData\Roaming\npm;C:\Program Files\Git\cmd;;C:\Program Files\JetBrains\IntelliJ IDEA 2022.2.2\bin;
USERNAME=User
OS=Windows_NT
PROCESSOR_IDENTIFIER=AMD64 Family 23 Model 24 Stepping 1, AuthenticAMD
TMP=C:\Users\User\AppData\Local\Temp
TEMP=C:\Users\User\AppData\Local\Temp



---------------  S Y S T E M  ---------------

OS:
 Windows 10 , 64 bit Build 19041 (10.0.19041.2251)
OS uptime: 0 days 16:51 hours

CPU: total 8 (initial active 8) (8 cores per cpu, 2 threads per core) family 23 model 24 stepping 1 microcode 0x0, cx8, cmov, fxsr, ht, mmx, 3dnowpref, sse, sse2, sse3, ssse3, sse4a, sse4.1, sse4.2, popcnt, lzcnt, tsc, tscinvbit, avx, avx2, aes, clmul, bmi1, bmi2, adx, sha, fma, vzeroupper, clflush, clflushopt, rdtscp

Memory: 4k page, system-wide physical 10178M (996M free)
TotalPageFile size 10178M (AvailPageFile size 4M)
current process WorkingSet (physical memory assigned to process): 135M, peak: 135M
current process commit charge ("private bytes"): 281M, peak: 281M

vm_info: OpenJDK 64-Bit Server VM (19.0.1+10-21) for windows-amd64 JRE (19.0.1+10-21), built on 2022-09-14T12:45:06Z by "mach5one" with MS VC++ 17.1 (VS2022)

END.
